2024-09-05 16:58:39.017 -07:00|0.14.9.1.30626|Info|application|Application awaken, updateQueue:'Update' 
2024-09-05 16:58:39.017 -07:00|0.14.9.1.30626|Info|application|Assert.raiseExceptions:'True' 
2024-09-05 16:58:39.017 -07:00|0.14.9.1.30626|Info|application|Application obfuscation succeed. 
2024-09-05 16:58:39.856 -07:00|0.14.9.1.30626|Info|application|driveType:SSD swapDriveType:SSD 
2024-09-05 16:58:42.811 -07:00|0.14.9.1.30626|Info|application|NVIDIA Reflex is available on this machine, Status: NvReflex_OK. 
2024-09-05 16:58:46.237 -07:00|0.14.9.1.30626|Info|application|Game settings:
{
  "Language": "en",
  "SelectedMemberCategory": "UniqueId",
  "QuickSlotsVisibility": "Always",
  "StaminaVisibility": "Autohide",
  "HealthVisibility": "Autohide",
  "HealthColor": "WhiteToRed",
  "NotificationTransportType": "Default",
  "ConnectionType": "Default",
  "HighlightScope": "All",
  "FieldOfView": 70,
  "HeadBobbing": 0.2,
  "AutoEmptyWorkingSet": true,
  "SetAffinityToLogicalCores": true,
  "EnableHideoutPreload": true,
  "StreamerModeEnabled": false,
  "BlockGroupInvites": false,
  "ItemQuickUseMode": "InRaidOnly",
  "AutoVaultingMode": "Hotkey",
  "MalfunctionVisability": true,
  "TradingIntermediateScreen": false,
  "RagfairLinesCount": 15,
  "EnvironmentUiType": "WoodEnvironmentUiType"
} 
2024-09-05 16:58:46.237 -07:00|0.14.9.1.30626|Info|application|Sound settings:
{
  "OverallVolume": 10,
  "InterfaceVolume": 10,
  "ChatVolume": 0,
  "MusicVolume": 5,
  "HideoutVolume": 10,
  "MusicOnRaidEnd": true,
  "BinauralSound": true,
  "VoipEnabled": true,
  "VoipDevice": "Default",
  "VoipDeviceSensitivity": 100
} 
2024-09-05 16:58:46.237 -07:00|0.14.9.1.30626|Info|application|PostFx settings:
{
  "EnablePostFx": false,
  "Brightness": 0,
  "Saturation": 0,
  "Clarity": 0,
  "Colorfulness": 0,
  "LumaSharpen": 0,
  "AdaptiveSharpen": 0,
  "ColorFilterType": "Jason",
  "Intensity": 50,
  "ColorBlindnessType": "None",
  "ColorBlindnessIntensity": 0
} 
2024-09-05 16:58:46.237 -07:00|0.14.9.1.30626|Info|application|Graphics settings:
{
  "Stored": [
    {
      "Index": 2,
      "FullScreenResolution": {
        "Width": 2560,
        "Height": 1440
      },
      "FullScreenAspectRatio": {
        "X": 16,
        "Y": 9
      },
      "WindowResolution": {
        "Width": 2560,
        "Height": 1440
      },
      "WindowAspectRatio": {
        "X": 16,
        "Y": 9
      }
    },
    {
      "Index": 0,
      "FullScreenResolution": {
        "Width": 2560,
        "Height": 1440
      },
      "FullScreenAspectRatio": {
        "X": 16,
        "Y": 9
      },
      "WindowResolution": {
        "Width": 2560,
        "Height": 1440
      },
      "WindowAspectRatio": {
        "X": 16,
        "Y": 9
      }
    },
    {
      "Index": 1,
      "FullScreenResolution": {
        "Width": 2560,
        "Height": 1440
      },
      "FullScreenAspectRatio": {
        "X": 16,
        "Y": 9
      },
      "WindowResolution": {
        "Width": 2560,
        "Height": 1440
      },
      "WindowAspectRatio": {
        "X": 16,
        "Y": 9
      }
    }
  ],
  "DisplaySettings": {
    "Display": 1,
    "FullScreenMode": 1,
    "Resolution": {
      "Width": 2560,
      "Height": 1440
    },
    "AspectRatio": {
      "X": 16,
      "Y": 9
    }
  },
  "GraphicsQuality": null,
  "ShadowsQuality": 3,
  "TextureQuality": 2,
  "SDMode": null,
  "VSync": false,
  "LobbyFramerate": 60,
  "GameFramerate": 100,
  "SuperSampling": "Off",
  "AnisotropicFiltering": "ForceEnable",
  "OverallVisibility": 3000.0,
  "LodBias": 2.5,
  "MipStreamingBufferSize": 48,
  "MipStreamingIOCount": 1024,
  "Ssao": "HighQuality",
  "Sharpen": 0.6,
  "SSR": "High",
  "AntiAliasing": "TAA_Low",
  "NVidiaReflex": "Off",
  "GrassShadow": true,
  "ChromaticAberrations": true,
  "Noise": true,
  "ZBlur": true,
  "HighQualityColor": true,
  "MipStreaming": false,
  "SdTarkovStreets": false,
  "DLSSMode": "Balanced",
  "FSRMode": "Off",
  "FSR2Mode": "Off",
  "DLSSEnabled": true,
  "FSREnabled": false,
  "FSR2Enabled": false,
  "ShadowDistance": 80.0,
  "SuperSamplingFactor": 1.0
} 
2024-09-05 16:58:46.237 -07:00|0.14.9.1.30626|Info|application|Control settings:
{
  "InvertedXAxis": false,
  "InvertedYAxis": false,
  "MouseSensitivity": 0.7,
  "MouseAimingSensitivity": 0.5,
  "DoubleClickTimeout": 0.3,
  "axisBindings": [
    {
      "axisName": "MoveX",
      "pairs": [
        {
          "positive": {
            "keyCode": [
              "D"
            ]
          },
          "negative": {
            "keyCode": [
              "A"
            ]
          }
        },
        {
          "positive": {
            "keyCode": []
          },
          "negative": {
            "keyCode": []
          }
        }
      ]
    },
    {
      "axisName": "MoveY",
      "pairs": [
        {
          "positive": {
            "keyCode": [
              "W"
            ]
          },
          "negative": {
            "keyCode": [
              "S"
            ]
          }
        },
        {
          "positive": {
            "keyCode": []
          },
          "negative": {
            "keyCode": []
          }
        }
      ]
    },
    {
      "axisName": "TurnX",
      "pairs": [
        {
          "positive": {
            "isAxis": true,
            "keyCode": [],
            "axisName": "Mouse X",
            "positiveAxis": true,
            "sensitivity": 5.0
          },
          "negative": {
            "isAxis": true,
            "keyCode": [],
            "axisName": "Mouse X",
            "sensitivity": 5.0
          }
        },
        {
          "positive": {
            "keyCode": []
          },
          "negative": {
            "keyCode": []
          }
        }
      ]
    },
    {
      "axisName": "TurnY",
      "pairs": [
        {
          "positive": {
            "isAxis": true,
            "keyCode": [],
            "axisName": "Mouse Y",
            "sensitivity": 5.0
          },
          "negative": {
            "isAxis": true,
            "keyCode": [],
            "axisName": "Mouse Y",
            "positiveAxis": true,
            "sensitivity": 5.0
          }
        },
        {
          "positive": {
            "keyCode": []
          },
          "negative": {
            "keyCode": []
          }
        }
      ]
    },
    {
      "axisName": "LookX",
      "pairs": [
        {
          "positive": {
            "isAxis": true,
            "keyCode": [],
            "axisName": "Mouse X",
            "positiveAxis": true,
            "sensitivity": 5.0
          },
          "negative": {
            "isAxis": true,
            "keyCode": [],
            "axisName": "Mouse X",
            "sensitivity": 5.0
          }
        },
        {
          "positive": {
            "keyCode": []
          },
          "negative": {
            "keyCode": []
          }
        }
      ]
    },
    {
      "axisName": "LookY",
      "pairs": [
        {
          "positive": {
            "isAxis": true,
            "keyCode": [],
            "axisName": "Mouse Y",
            "sensitivity": 5.0
          },
          "negative": {
            "isAxis": true,
            "keyCode": [],
            "axisName": "Mouse Y",
            "positiveAxis": true,
            "sensitivity": 5.0
          }
        },
        {
          "positive": {
            "keyCode": []
          },
          "negative": {
            "keyCode": []
          }
        }
      ]
    },
    {
      "axisName": "LeanX",
      "pairs": [
        {
          "positive": {
            "keyCode": [
              "D",
              "LeftAlt"
            ],
            "positiveAxis": true,
            "sensitivity": 5.0
          },
          "negative": {
            "keyCode": [
              "A",
              "LeftAlt"
            ],
            "positiveAxis": true,
            "sensitivity": 5.0
          }
        },
        {
          "positive": {
            "keyCode": []
          },
          "negative": {
            "keyCode": []
          }
        }
      ]
    }
  ],
  "keyBindings": [
    {
      "keyName": "LeanLockRight",
      "variants": [
        {
          "keyCode": [
            "E"
          ]
        },
        {
          "keyCode": []
        }
      ],
      "pressType": "Continuous"
    },
    {
      "keyName": "LeanLockLeft",
      "variants": [
        {
          "keyCode": [
            "Q"
          ]
        },
        {
          "keyCode": []
        }
      ],
      "pressType": "Continuous"
    },
    {
      "keyName": "Shoot",
      "variants": [
        {
          "keyCode": [
            "Mouse0"
          ]
        },
        {
          "keyCode": []
        }
      ],
      "pressType": "Continuous"
    },
    {
      "keyName": "Aim",
      "variants": [
        {
          "keyCode": [
            "Mouse1"
          ]
        },
        {
          "keyCode": []
        }
      ],
      "pressType": "Press"
    },
    {
      "keyName": "ChangeAimScope",
      "variants": [
        {
          "keyCode": [
            "Mouse1",
            "LeftControl"
          ]
        },
        {
          "keyCode": []
        }
      ],
      "pressType": "Press"
    },
    {
      "keyName": "ChangeAimScopeMagnification",
      "variants": [
        {
          "keyCode": [
            "Mouse1",
            "LeftAlt"
          ]
        },
        {
          "keyCode": []
        }
      ],
      "pressType": "Press"
    },
    {
      "keyName": "Nidnod",
      "variants": [
        {
          "keyCode": [
            "Mouse2"
          ]
        },
        {
          "keyCode": []
        }
      ],
      "pressType": "Release"
    },
    {
      "keyName": "ToggleGoggles",
      "variants": [
        {
          "keyCode": [
            "N"
          ]
        },
        {
          "keyCode": []
        }
      ],
      "pressType": "Press"
    },
    {
      "keyName": "ToggleHeadLight",
      "variants": [
        {
          "keyCode": [
            "H"
          ]
        },
        {
          "keyCode": []
        }
      ],
      "pressType": "Release"
    },
    {
      "keyName": "SwitchHeadLight",
      "variants": [
        {
          "keyCode": [
            "H",
            "LeftControl"
          ]
        },
        {
          "keyCode": []
        }
      ],
      "pressType": "Release"
    },
    {
      "keyName": "ToggleVoip",
      "variants": [
        {
          "keyCode": []
        },
        {
          "keyCode": []
        }
      ],
      "pressType": "Press"
    },
    {
      "keyName": "PushToTalk",
      "variants": [
        {
          "keyCode": [
            "K"
          ]
        },
        {
          "keyCode": []
        }
      ],
      "pressType": "Continuous"
    },
    {
      "keyName": "Mumble",
      "variants": [
        {
          "keyCode": [
            "Y"
          ]
        },
        {
          "keyCode": []
        }
      ],
      "pressType": "DoubleClick"
    },
    {
      "keyName": "MumbleDropdown",
      "variants": [
        {
          "keyCode": [
            "Y"
          ]
        },
        {
          "keyCode": []
        }
      ],
      "pressType": "Continuous"
    },
    {
      "keyName": "MumbleQuick",
      "variants": [
        {
          "keyCode": [
            "Y"
          ]
        },
        {
          "keyCode": []
        }
      ],
      "pressType": "Release"
    },
    {
      "keyName": "WatchTime",
      "variants": [
        {
          "keyCode": [
            "O"
          ]
        },
        {
          "keyCode": []
        }
      ],
      "pressType": "Press"
    },
    {
      "keyName": "WatchTimerAndExits",
      "variants": [
        {
          "keyCode": [
            "O"
          ]
        },
        {
          "keyCode": []
        }
      ],
      "pressType": "DoubleClick"
    },
    {
      "keyName": "Tactical",
      "variants": [
        {
          "keyCode": [
            "T"
          ]
        },
        {
          "keyCode": []
        }
      ],
      "pressType": "Press"
    },
    {
      "keyName": "NextTacticalDevice",
      "variants": [
        {
          "keyCode": [
            "T",
            "LeftControl"
          ]
        },
        {
          "keyCode": []
        }
      ],
      "pressType": "Press"
    },
    {
      "keyName": "Next",
      "variants": [
        {
          "isAxis": true,
          "keyCode": [],
          "axisName": "Mouse Scroll",
          "positiveAxis": true
        },
        {
          "keyCode": []
        }
      ],
      "pressType": "Press"
    },
    {
      "keyName": "Previous",
      "variants": [
        {
          "isAxis": true,
          "keyCode": [],
          "axisName": "Mouse Scroll"
        },
        {
          "keyCode": []
        }
      ],
      "pressType": "Press"
    },
    {
      "keyName": "Interact",
      "variants": [
        {
          "keyCode": [
            "F"
          ]
        },
        {
          "keyCode": []
        }
      ],
      "pressType": "Continuous"
    },
    {
      "keyName": "ThrowGrenade",
      "variants": [
        {
          "keyCode": [
            "G"
          ]
        },
        {
          "keyCode": []
        }
      ],
      "pressType": "Press"
    },
    {
      "keyName": "ReloadWeapon",
      "variants": [
        {
          "keyCode": [
            "R"
          ]
        },
        {
          "keyCode": []
        }
      ],
      "pressType": "Release"
    },
    {
      "keyName": "QuickReloadWeapon",
      "variants": [
        {
          "keyCode": [
            "R"
          ]
        },
        {
          "keyCode": []
        }
      ],
      "pressType": "DoubleClick"
    },
    {
      "keyName": "DropBackpack",
      "variants": [
        {
          "keyCode": [
            "Z"
          ]
        },
        {
          "keyCode": []
        }
      ],
      "pressType": "DoubleClick"
    },
    {
      "keyName": "NextMagazine",
      "variants": [
        {
          "isAxis": true,
          "keyCode": [
            "R"
          ],
          "axisName": "Mouse Scroll",
          "positiveAxis": true
        },
        {
          "keyCode": []
        }
      ],
      "pressType": "Press"
    },
    {
      "keyName": "PreviousMagazine",
      "variants": [
        {
          "isAxis": true,
          "keyCode": [
            "R"
          ],
          "axisName": "Mouse Scroll"
        },
        {
          "keyCode": []
        }
      ],
      "pressType": "Press"
    },
    {
      "keyName": "ChangePointOfView",
      "variants": [
        {
          "keyCode": [
            "Home"
          ]
        },
        {
          "keyCode": []
        }
      ],
      "pressType": "Press"
    },
    {
      "keyName": "CheckAmmo",
      "variants": [
        {
          "keyCode": [
            "T",
            "LeftAlt"
          ]
        },
        {
          "keyCode": []
        }
      ],
      "pressType": "Press"
    },
    {
      "keyName": "ShootingMode",
      "variants": [
        {
          "keyCode": [
            "B"
          ]
        },
        {
          "keyCode": []
        }
      ],
      "pressType": "Press"
    },
    {
      "keyName": "ForceAutoWeaponMode",
      "variants": [
        {
          "keyCode": [
            "B"
          ]
        },
        {
          "keyCode": []
        }
      ],
      "pressType": "DoubleClick"
    },
    {
      "keyName": "CheckFireMode",
      "variants": [
        {
          "keyCode": [
            "B",
            "LeftAlt"
          ]
        },
        {
          "keyCode": []
        }
      ],
      "pressType": "Press"
    },
    {
      "keyName": "CheckChamber",
      "variants": [
        {
          "keyCode": [
            "T",
            "LeftShift"
          ]
        },
        {
          "keyCode": []
        }
      ],
      "pressType": "Press"
    },
    {
      "keyName": "ChamberUnload",
      "variants": [
        {
          "keyCode": [
            "R",
            "LeftControl"
          ]
        },
        {
          "keyCode": []
        }
      ],
      "pressType": "Press"
    },
    {
      "keyName": "UnloadMagazine",
      "variants": [
        {
          "keyCode": [
            "R",
            "LeftAlt"
          ]
        },
        {
          "keyCode": []
        }
      ],
      "pressType": "Press"
    },
    {
      "keyName": "Prone",
      "variants": [
        {
          "keyCode": [
            "X"
          ]
        },
        {
          "keyCode": []
        }
      ],
      "pressType": "Press"
    },
    {
      "keyName": "Sprint",
      "variants": [
        {
          "keyCode": [
            "LeftShift"
          ]
        },
        {
          "keyCode": []
        }
      ],
      "pressType": "Press"
    },
    {
      "keyName": "Duck",
      "variants": [
        {
          "keyCode": [
            "C"
          ]
        },
        {
          "keyCode": []
        }
      ],
      "pressType": "Release"
    },
    {
      "keyName": "NextWalkPose",
      "variants": [
        {
          "isAxis": true,
          "keyCode": [
            "C"
          ],
          "axisName": "Mouse Scroll",
          "positiveAxis": true
        },
        {
          "keyCode": []
        }
      ],
      "pressType": "Press"
    },
    {
      "keyName": "PreviousWalkPose",
      "variants": [
        {
          "isAxis": true,
          "keyCode": [
            "C"
          ],
          "axisName": "Mouse Scroll"
        },
        {
          "keyCode": []
        }
      ],
      "pressType": "Press"
    },
    {
      "keyName": "Walk",
      "variants": [
        {
          "keyCode": [
            "CapsLock"
          ]
        },
        {
          "keyCode": []
        }
      ],
      "pressType": "Press"
    },
    {
      "keyName": "BlindShootAbove",
      "variants": [
        {
          "keyCode": [
            "W",
            "LeftAlt"
          ]
        },
        {
          "keyCode": []
        }
      ],
      "pressType": "Continuous"
    },
    {
      "keyName": "BlindShootRight",
      "variants": [
        {
          "keyCode": [
            "S",
            "LeftAlt"
          ]
        },
        {
          "keyCode": []
        }
      ],
      "pressType": "Continuous"
    },
    {
      "keyName": "StepRight",
      "variants": [
        {
          "keyCode": [
            "E",
            "LeftAlt"
          ]
        },
        {
          "keyCode": []
        }
      ],
      "pressType": "Continuous"
    },
    {
      "keyName": "StepLeft",
      "variants": [
        {
          "keyCode": [
            "Q",
            "LeftAlt"
          ]
        },
        {
          "keyCode": []
        }
      ],
      "pressType": "Continuous"
    },
    {
      "keyName": "ExamineWeapon",
      "variants": [
        {
          "keyCode": [
            "L"
          ]
        },
        {
          "keyCode": []
        }
      ],
      "pressType": "Press"
    },
    {
      "keyName": "FoldStock",
      "variants": [
        {
          "keyCode": [
            "L",
            "LeftAlt"
          ]
        },
        {
          "keyCode": []
        }
      ],
      "pressType": "Press"
    },
    {
      "keyName": "Inventory",
      "variants": [
        {
          "keyCode": [
            "Tab"
          ]
        },
        {
          "keyCode": []
        }
      ],
      "pressType": "Press"
    },
    {
      "keyName": "Jump",
      "variants": [
        {
          "keyCode": [
            "Space"
          ]
        },
        {
          "keyCode": []
        }
      ],
      "pressType": "Release"
    },
    {
      "keyName": "Knife",
      "variants": [
        {
          "keyCode": [
            "V"
          ]
        },
        {
          "keyCode": []
        }
      ],
      "pressType": "Press"
    },
    {
      "keyName": "QuickKnife",
      "variants": [
        {
          "keyCode": [
            "V"
          ]
        },
        {
          "keyCode": []
        }
      ],
      "pressType": "DoubleClick"
    },
    {
      "keyName": "PrimaryWeaponFirst",
      "variants": [
        {
          "keyCode": [
            "Alpha2"
          ]
        },
        {
          "keyCode": []
        }
      ],
      "pressType": "Press"
    },
    {
      "keyName": "PrimaryWeaponSecond",
      "variants": [
        {
          "keyCode": [
            "Alpha3"
          ]
        },
        {
          "keyCode": []
        }
      ],
      "pressType": "Press"
    },
    {
      "keyName": "SecondaryWeapon",
      "variants": [
        {
          "keyCode": [
            "Alpha1"
          ]
        },
        {
          "keyCode": []
        }
      ],
      "pressType": "Press"
    },
    {
      "keyName": "QuickSecondaryWeapon",
      "variants": [
        {
          "keyCode": [
            "Alpha1"
          ]
        },
        {
          "keyCode": []
        }
      ],
      "pressType": "DoubleClick"
    },
    {
      "keyName": "Slot4",
      "variants": [
        {
          "keyCode": [
            "Alpha4"
          ]
        },
        {
          "keyCode": []
        }
      ],
      "pressType": "Release"
    },
    {
      "keyName": "Slot5",
      "variants": [
        {
          "keyCode": [
            "Alpha5"
          ]
        },
        {
          "keyCode": []
        }
      ],
      "pressType": "Release"
    },
    {
      "keyName": "Slot6",
      "variants": [
        {
          "keyCode": [
            "Alpha6"
          ]
        },
        {
          "keyCode": []
        }
      ],
      "pressType": "Release"
    },
    {
      "keyName": "Slot7",
      "variants": [
        {
          "keyCode": [
            "Alpha7"
          ]
        },
        {
          "keyCode": []
        }
      ],
      "pressType": "Release"
    },
    {
      "keyName": "Slot8",
      "variants": [
        {
          "keyCode": [
            "Alpha8"
          ]
        },
        {
          "keyCode": []
        }
      ],
      "pressType": "Release"
    },
    {
      "keyName": "Slot9",
      "variants": [
        {
          "keyCode": [
            "Alpha9"
          ]
        },
        {
          "keyCode": []
        }
      ],
      "pressType": "Release"
    },
    {
      "keyName": "Slot0",
      "variants": [
        {
          "keyCode": [
            "Alpha0"
          ]
        },
        {
          "keyCode": []
        }
      ],
      "pressType": "Release"
    },
    {
      "keyName": "OpticCalibrationSwitchUp",
      "variants": [
        {
          "keyCode": [
            "PageUp"
          ]
        },
        {
          "keyCode": []
        }
      ],
      "pressType": "Press"
    },
    {
      "keyName": "OpticCalibrationSwitchDown",
      "variants": [
        {
          "keyCode": [
            "PageDown"
          ]
        },
        {
          "keyCode": []
        }
      ],
      "pressType": "Press"
    },
    {
      "keyName": "MakeScreenshot",
      "variants": [
        {
          "keyCode": [
            "SysReq"
          ]
        },
        {
          "keyCode": []
        }
      ],
      "pressType": "Press"
    },
    {
      "keyName": "ThrowItem",
      "variants": [
        {
          "keyCode": [
            "Delete"
          ]
        },
        {
          "keyCode": []
        }
      ],
      "pressType": "Press"
    },
    {
      "keyName": "Breath",
      "variants": [
        {
          "keyCode": [
            "LeftAlt"
          ]
        },
        {
          "keyCode": []
        }
      ],
      "pressType": "Press"
    },
    {
      "keyName": "ToggleInfo",
      "variants": [
        {
          "keyCode": [
            "I"
          ]
        },
        {
          "keyCode": []
        }
      ],
      "pressType": "Press"
    },
    {
      "keyName": "Console",
      "variants": [
        {
          "keyCode": [
            "BackQuote"
          ]
        },
        {
          "keyCode": []
        }
      ],
      "pressType": "Press"
    },
    {
      "keyName": "LeftStance",
      "variants": [
        {
          "keyCode": [
            "Mouse4"
          ]
        },
        {
          "keyCode": [
            "F",
            "LeftControl"
          ]
        }
      ],
      "pressType": "Press"
    },
    {
      "keyName": "Vaulting",
      "variants": [
        {
          "keyCode": [
            "Space"
          ]
        },
        {
          "keyCode": []
        }
      ],
      "pressType": "Continuous"
    },
    {
      "keyName": "PressSlot4",
      "variants": [
        {
          "keyCode": [
            "Alpha4"
          ]
        },
        {
          "keyCode": []
        }
      ],
      "pressType": "Press"
    },
    {
      "keyName": "PressSlot5",
      "variants": [
        {
          "keyCode": [
            "Alpha5"
          ]
        },
        {
          "keyCode": []
        }
      ],
      "pressType": "Press"
    },
    {
      "keyName": "PressSlot6",
      "variants": [
        {
          "keyCode": [
            "Alpha6"
          ]
        },
        {
          "keyCode": []
        }
      ],
      "pressType": "Press"
    },
    {
      "keyName": "PressSlot7",
      "variants": [
        {
          "keyCode": [
            "Alpha7"
          ]
        },
        {
          "keyCode": []
        }
      ],
      "pressType": "Press"
    },
    {
      "keyName": "PressSlot8",
      "variants": [
        {
          "keyCode": [
            "Alpha8"
          ]
        },
        {
          "keyCode": []
        }
      ],
      "pressType": "Press"
    },
    {
      "keyName": "PressSlot9",
      "variants": [
        {
          "keyCode": [
            "Alpha9"
          ]
        },
        {
          "keyCode": []
        }
      ],
      "pressType": "Press"
    },
    {
      "keyName": "PressSlot0",
      "variants": [
        {
          "keyCode": [
            "Alpha0"
          ]
        },
        {
          "keyCode": []
        }
      ],
      "pressType": "Press"
    }
  ]
} 
2024-09-05 16:58:47.802 -07:00|0.14.9.1.30626|Info|application|Session mode: Regular 
2024-09-05 16:58:58.033 -07:00|0.14.9.1.30626|Info|application|SelectProfile ProfileId:66d8e3f4000046012128d500 AccountId:1387340 
2024-09-05 16:59:06.781 -07:00|0.14.9.1.30626|Debug|application|totalMemoryBeforeCleanUp 838.5039 
2024-09-05 16:59:06.781 -07:00|0.14.9.1.30626|Debug|application|GC::Collect 
2024-09-05 16:59:07.071 -07:00|0.14.9.1.30626|Debug|application|GC::Collect Aggressive 
2024-09-05 16:59:07.605 -07:00|0.14.9.1.30626|Debug|application|collectedMemoryGB 0 
2024-09-05 17:00:12.829 -07:00|0.14.9.1.30626|Debug|application|TRACE-NetworkGameMatching H 
2024-09-05 17:00:12.829 -07:00|0.14.9.1.30626|Debug|application|TRACE-NetworkGameMatching I 
2024-09-05 17:00:17.506 -07:00|0.14.9.1.30626|Debug|application|TRACE-GamePrepare 2 
2024-09-05 17:00:19.459 -07:00|0.14.9.1.30626|Debug|application|Heap pre-allocation - disabled 
2024-09-05 17:00:19.737 -07:00|0.14.9.1.30626|Debug|application|totalMemoryBeforeCleanUp 874.8867 
2024-09-05 17:00:19.737 -07:00|0.14.9.1.30626|Debug|application|GC::Collect 
2024-09-05 17:00:20.009 -07:00|0.14.9.1.30626|Debug|application|GC::Collect Aggressive 
2024-09-05 17:00:20.538 -07:00|0.14.9.1.30626|Debug|application|collectedMemoryGB 0.00390625 
2024-09-05 17:00:20.759 -07:00|0.14.9.1.30626|Debug|application|GC mode switched to Disabled 
2024-09-05 17:02:56.749 -07:00|0.14.9.1.30626|Debug|application|totalMemoryBeforeCleanUp 1574.996 
2024-09-05 17:02:56.749 -07:00|0.14.9.1.30626|Debug|application|GC mode switched to Enabled 
2024-09-05 17:02:56.749 -07:00|0.14.9.1.30626|Debug|application|GC::Collect 
2024-09-05 17:02:57.578 -07:00|0.14.9.1.30626|Debug|application|GC::Collect Aggressive 
2024-09-05 17:02:58.247 -07:00|0.14.9.1.30626|Debug|application|collectedMemoryGB 547.5391 
2024-09-05 17:02:58.247 -07:00|0.14.9.1.30626|Debug|application|GC mode switched to Disabled 
2024-09-05 17:02:58.730 -07:00|0.14.9.1.30626|Info|application|SelectProfile ProfileId:66d8e3f4000046012128d500 AccountId:1387340 
2024-09-05 17:03:04.923 -07:00|0.14.9.1.30626|Debug|application|totalMemoryBeforeCleanUp 1110.48 
2024-09-05 17:03:04.923 -07:00|0.14.9.1.30626|Debug|application|GC mode switched to Enabled 
2024-09-05 17:03:04.923 -07:00|0.14.9.1.30626|Debug|application|GC::Collect 
2024-09-05 17:03:05.215 -07:00|0.14.9.1.30626|Debug|application|GC::Collect Aggressive 
2024-09-05 17:03:05.797 -07:00|0.14.9.1.30626|Debug|application|collectedMemoryGB 115.3828 
2024-09-05 17:03:05.797 -07:00|0.14.9.1.30626|Debug|application|GC mode switched to Disabled 
2024-09-05 17:03:12.756 -07:00|0.14.9.1.30626|Info|application|SelectProfile ProfileId:66d8e3f4000046012128d500 AccountId:1387340 
2024-09-05 17:03:18.772 -07:00|0.14.9.1.30626|Debug|application|totalMemoryBeforeCleanUp 2267.543 
2024-09-05 17:03:18.772 -07:00|0.14.9.1.30626|Debug|application|GC mode switched to Enabled 
2024-09-05 17:03:18.772 -07:00|0.14.9.1.30626|Debug|application|GC::Collect 
2024-09-05 17:03:19.338 -07:00|0.14.9.1.30626|Debug|application|GC::Collect Aggressive 
2024-09-05 17:03:20.019 -07:00|0.14.9.1.30626|Debug|application|collectedMemoryGB 914.3086 
2024-09-05 17:03:20.019 -07:00|0.14.9.1.30626|Debug|application|GC mode switched to Disabled 
2024-09-05 17:03:20.777 -07:00|0.14.9.1.30626|Debug|application|GC mode switched to Enabled 
2024-09-05 17:05:30.012 -07:00|0.14.9.1.30626|Debug|application|TRACE-NetworkGameMatching H 
2024-09-05 17:05:30.012 -07:00|0.14.9.1.30626|Debug|application|TRACE-NetworkGameMatching I 
2024-09-05 17:05:58.864 -07:00|0.14.9.1.30626|Debug|application|TRACE-GamePrepare 2 
2024-09-05 17:06:04.063 -07:00|0.14.9.1.30626|Debug|application|Heap pre-allocation - disabled 
2024-09-05 17:06:04.708 -07:00|0.14.9.1.30626|Debug|application|totalMemoryBeforeCleanUp 1646.578 
2024-09-05 17:06:04.708 -07:00|0.14.9.1.30626|Debug|application|GC::Collect 
2024-09-05 17:06:05.074 -07:00|0.14.9.1.30626|Debug|application|GC::Collect Aggressive 
2024-09-05 17:06:05.813 -07:00|0.14.9.1.30626|Debug|application|collectedMemoryGB 0.0859375 
2024-09-05 17:06:06.591 -07:00|0.14.9.1.30626|Debug|application|GC mode switched to Disabled 
2024-09-05 17:16:22.531 -07:00|0.14.9.1.30626|Debug|application|totalMemoryBeforeCleanUp 3183.688 
2024-09-05 17:16:22.531 -07:00|0.14.9.1.30626|Debug|application|GC mode switched to Enabled 
2024-09-05 17:16:22.531 -07:00|0.14.9.1.30626|Debug|application|GC::Collect 
2024-09-05 17:16:24.387 -07:00|0.14.9.1.30626|Debug|application|GC::Collect Aggressive 
2024-09-05 17:16:25.758 -07:00|0.14.9.1.30626|Debug|application|collectedMemoryGB 1352.492 
2024-09-05 17:16:25.758 -07:00|0.14.9.1.30626|Debug|application|GC mode switched to Disabled 
2024-09-05 17:16:27.369 -07:00|0.14.9.1.30626|Info|application|SelectProfile ProfileId:66d8e3f4000046012128d500 AccountId:1387340 
2024-09-05 17:16:35.377 -07:00|0.14.9.1.30626|Debug|application|totalMemoryBeforeCleanUp 1923.594 
2024-09-05 17:16:35.377 -07:00|0.14.9.1.30626|Debug|application|GC mode switched to Enabled 
2024-09-05 17:16:35.377 -07:00|0.14.9.1.30626|Debug|application|GC::Collect 
2024-09-05 17:16:35.779 -07:00|0.14.9.1.30626|Debug|application|GC::Collect Aggressive 
2024-09-05 17:16:36.561 -07:00|0.14.9.1.30626|Debug|application|collectedMemoryGB 381.7188 
2024-09-05 17:16:36.561 -07:00|0.14.9.1.30626|Debug|application|GC mode switched to Disabled 
2024-09-05 17:16:44.496 -07:00|0.14.9.1.30626|Info|application|SelectProfile ProfileId:66d8e3f4000046012128d500 AccountId:1387340 
2024-09-05 17:16:50.457 -07:00|0.14.9.1.30626|Debug|application|totalMemoryBeforeCleanUp 2505.754 
2024-09-05 17:16:50.457 -07:00|0.14.9.1.30626|Debug|application|GC mode switched to Enabled 
2024-09-05 17:16:50.457 -07:00|0.14.9.1.30626|Debug|application|GC::Collect 
2024-09-05 17:16:51.304 -07:00|0.14.9.1.30626|Debug|application|GC::Collect Aggressive 
2024-09-05 17:16:52.181 -07:00|0.14.9.1.30626|Debug|application|collectedMemoryGB 777.4922 
2024-09-05 17:16:52.181 -07:00|0.14.9.1.30626|Debug|application|GC mode switched to Disabled 
2024-09-05 17:16:52.941 -07:00|0.14.9.1.30626|Debug|application|GC mode switched to Enabled 
2024-09-05 17:21:24.560 -07:00|0.14.9.1.30626|Debug|application|TRACE-NetworkGameMatching H 
2024-09-05 17:21:24.560 -07:00|0.14.9.1.30626|Debug|application|TRACE-NetworkGameMatching I 
2024-09-05 17:21:29.990 -07:00|0.14.9.1.30626|Debug|application|TRACE-GamePrepare 2 
2024-09-05 17:21:31.619 -07:00|0.14.9.1.30626|Debug|application|Heap pre-allocation - disabled 
2024-09-05 17:21:32.106 -07:00|0.14.9.1.30626|Debug|application|totalMemoryBeforeCleanUp 1753.305 
2024-09-05 17:21:32.106 -07:00|0.14.9.1.30626|Debug|application|GC::Collect 
2024-09-05 17:21:32.830 -07:00|0.14.9.1.30626|Debug|application|GC::Collect Aggressive 
2024-09-05 17:21:33.926 -07:00|0.14.9.1.30626|Debug|application|collectedMemoryGB 0 
2024-09-05 17:21:34.266 -07:00|0.14.9.1.30626|Debug|application|GC mode switched to Disabled 
2024-09-05 17:32:07.603 -07:00|0.14.9.1.30626|Debug|application|totalMemoryBeforeCleanUp 2514.801 
2024-09-05 17:32:07.603 -07:00|0.14.9.1.30626|Debug|application|GC mode switched to Enabled 
2024-09-05 17:32:07.603 -07:00|0.14.9.1.30626|Debug|application|GC::Collect 
2024-09-05 17:32:09.240 -07:00|0.14.9.1.30626|Debug|application|GC::Collect Aggressive 
2024-09-05 17:32:10.475 -07:00|0.14.9.1.30626|Debug|application|collectedMemoryGB 729.1484 
2024-09-05 17:32:10.475 -07:00|0.14.9.1.30626|Debug|application|GC mode switched to Disabled 
2024-09-05 17:32:11.131 -07:00|0.14.9.1.30626|Info|application|SelectProfile ProfileId:66d8e3f4000046012128d500 AccountId:1387340 
2024-09-05 17:36:04.214 -07:00|0.14.9.1.30626|Debug|application|totalMemoryBeforeCleanUp 1947.758 
2024-09-05 17:36:04.214 -07:00|0.14.9.1.30626|Debug|application|GC mode switched to Enabled 
2024-09-05 17:36:04.214 -07:00|0.14.9.1.30626|Debug|application|GC::Collect 
2024-09-05 17:36:04.969 -07:00|0.14.9.1.30626|Debug|application|GC::Collect Aggressive 
2024-09-05 17:36:06.154 -07:00|0.14.9.1.30626|Debug|application|collectedMemoryGB 164.2891 
2024-09-05 17:36:06.154 -07:00|0.14.9.1.30626|Debug|application|GC mode switched to Disabled 
2024-09-05 17:36:13.757 -07:00|0.14.9.1.30626|Info|application|SelectProfile ProfileId:66d8e3f4000046012128d500 AccountId:1387340 
2024-09-05 17:36:19.892 -07:00|0.14.9.1.30626|Debug|application|totalMemoryBeforeCleanUp 2690.82 
2024-09-05 17:36:19.892 -07:00|0.14.9.1.30626|Debug|application|GC mode switched to Enabled 
2024-09-05 17:36:19.892 -07:00|0.14.9.1.30626|Debug|application|GC::Collect 
2024-09-05 17:36:20.910 -07:00|0.14.9.1.30626|Debug|application|GC::Collect Aggressive 
2024-09-05 17:36:21.935 -07:00|0.14.9.1.30626|Debug|application|collectedMemoryGB 743.7813 
2024-09-05 17:36:21.935 -07:00|0.14.9.1.30626|Debug|application|GC mode switched to Disabled 
2024-09-05 17:36:22.710 -07:00|0.14.9.1.30626|Debug|application|GC mode switched to Enabled 
2024-09-05 17:38:13.040 -07:00|0.14.9.1.30626|Debug|application|TRACE-GamePrepare 2 
2024-09-05 17:38:13.829 -07:00|0.14.9.1.30626|Debug|application|Heap pre-allocation - disabled 
2024-09-05 17:38:15.290 -07:00|0.14.9.1.30626|Debug|application|totalMemoryBeforeCleanUp 1963.625 
2024-09-05 17:38:15.290 -07:00|0.14.9.1.30626|Debug|application|GC::Collect 
2024-09-05 17:38:15.847 -07:00|0.14.9.1.30626|Debug|application|GC::Collect Aggressive 
2024-09-05 17:38:17.237 -07:00|0.14.9.1.30626|Debug|application|collectedMemoryGB 0.015625 
2024-09-05 17:38:17.546 -07:00|0.14.9.1.30626|Debug|application|GC mode switched to Disabled 
2024-09-05 17:46:13.562 -07:00|0.14.9.1.30626|Debug|application|GC mode switched to Enabled 
2024-09-05 17:46:33.558 -07:00|0.14.9.1.30626|Debug|application|TRACE-NetworkGameMatching H 
2024-09-05 17:46:33.558 -07:00|0.14.9.1.30626|Debug|application|TRACE-NetworkGameMatching I 
2024-09-05 17:46:40.041 -07:00|0.14.9.1.30626|Debug|application|TRACE-GamePrepare 2 
2024-09-05 17:46:40.976 -07:00|0.14.9.1.30626|Debug|application|Heap pre-allocation - disabled 
2024-09-05 17:46:41.563 -07:00|0.14.9.1.30626|Debug|application|totalMemoryBeforeCleanUp 2007.047 
2024-09-05 17:46:41.563 -07:00|0.14.9.1.30626|Debug|application|GC::Collect 
2024-09-05 17:46:42.136 -07:00|0.14.9.1.30626|Debug|application|GC::Collect Aggressive 
2024-09-05 17:46:43.241 -07:00|0.14.9.1.30626|Debug|application|collectedMemoryGB 0.00390625 
2024-09-05 17:46:43.585 -07:00|0.14.9.1.30626|Debug|application|GC mode switched to Disabled 
2024-09-05 17:53:01.689 -07:00|0.14.9.1.30626|Debug|application|totalMemoryBeforeCleanUp 2350.402 
2024-09-05 17:53:01.689 -07:00|0.14.9.1.30626|Debug|application|GC mode switched to Enabled 
2024-09-05 17:53:01.689 -07:00|0.14.9.1.30626|Debug|application|GC::Collect 
2024-09-05 17:53:04.103 -07:00|0.14.9.1.30626|Debug|application|GC::Collect Aggressive 
2024-09-05 17:53:05.397 -07:00|0.14.9.1.30626|Debug|application|collectedMemoryGB 325.2383 
2024-09-05 17:53:05.397 -07:00|0.14.9.1.30626|Debug|application|GC mode switched to Disabled 
2024-09-05 17:53:06.055 -07:00|0.14.9.1.30626|Info|application|SelectProfile ProfileId:66d8e3f4000046012128d500 AccountId:1387340 
2024-09-05 17:54:01.423 -07:00|0.14.9.1.30626|Debug|application|totalMemoryBeforeCleanUp 2115.285 
2024-09-05 17:54:01.423 -07:00|0.14.9.1.30626|Debug|application|GC mode switched to Enabled 
2024-09-05 17:54:01.423 -07:00|0.14.9.1.30626|Debug|application|GC::Collect 
2024-09-05 17:54:02.314 -07:00|0.14.9.1.30626|Debug|application|GC::Collect Aggressive 
2024-09-05 17:54:03.569 -07:00|0.14.9.1.30626|Debug|application|collectedMemoryGB 99.88672 
2024-09-05 17:54:03.569 -07:00|0.14.9.1.30626|Debug|application|GC mode switched to Disabled 
2024-09-05 17:54:11.534 -07:00|0.14.9.1.30626|Info|application|SelectProfile ProfileId:66d8e3f4000046012128d500 AccountId:1387340 
2024-09-05 17:54:19.214 -07:00|0.14.9.1.30626|Debug|application|totalMemoryBeforeCleanUp 2860.27 
2024-09-05 17:54:19.214 -07:00|0.14.9.1.30626|Debug|application|GC mode switched to Enabled 
2024-09-05 17:54:19.214 -07:00|0.14.9.1.30626|Debug|application|GC::Collect 
2024-09-05 17:54:20.325 -07:00|0.14.9.1.30626|Debug|application|GC::Collect Aggressive 
2024-09-05 17:54:21.605 -07:00|0.14.9.1.30626|Debug|application|collectedMemoryGB 685.0664 
2024-09-05 17:54:21.605 -07:00|0.14.9.1.30626|Debug|application|GC mode switched to Disabled 
2024-09-05 17:54:22.390 -07:00|0.14.9.1.30626|Debug|application|GC mode switched to Enabled 
