2024-09-04 14:49:10.611 -07:00 [INF] =========  SPT Installer v2.91.0.0 Started =========
2024-09-04 14:49:10.622 -07:00 [INF] Microsoft Windows NT 10.0.19045.0
2024-09-04 14:49:10.622 -07:00 [INF] System Language: en - English (United States)
2024-09-04 14:49:10.626 -07:00 [INF] installer.json NOT in cache
2024-09-04 14:49:10.626 -07:00 [INF] Downloading File: https://ligma.waffle-lord.net/installer.json
2024-09-04 14:49:10.882 -07:00 [INF] No updates available
2024-09-04 14:50:10.612 -07:00 [INF] Install Path: E:\Games\SPTarkov\3.9.8
2024-09-04 14:50:10.614 -07:00 [INF] -<>--<>- Running PreChecks -<>--<>-
2024-09-04 14:50:10.618 -07:00 [INF] PreCheck: EFT Installed (Required) -> Passed
Detail: EFT install folder found
2024-09-04 14:50:10.618 -07:00 [INF] PreCheck: .Net Framework 4.7.2 (Required) -> Passed
Detail: .Net Framework 4.7.2 or higher is installed.  Installed Version: 4.8.9037
2024-09-04 14:50:10.671 -07:00 [INF] PreCheck: .Net 8 Desktop Runtime (Required) -> Passed
Detail: .Net 8.0.0 Desktop Runtime or higher is installed.  Installed Version: 8.0.2
2024-09-04 14:50:10.823 -07:00 [INF] PreCheck: Free Space (Required) -> Passed
Detail: There is enough space available on E:\ to install SPT.  Available Space: 646.82 GB Space Required for EFT Client: 51.07 GB including ~10Gb overhead  Drive for cache 'C:\' has at least 5Gb of space. Available: 64.53 GB
2024-09-04 14:50:10.829 -07:00 [INF] PreCheck: EFT Launcher Closed (Required) -> Passed
Detail: Eft launcher is closed
2024-09-04 14:50:10.829 -07:00 [INF] release.json TTL is INVALID
2024-09-04 14:50:10.829 -07:00 [INF] Downloading File: https://spt-releases.modd.in/release.json
2024-09-04 14:50:14.463 -07:00 [INF] -<>--<>- Running Installer Tasks -<>--<>-
2024-09-04 14:50:14.464 -07:00 [INF]  <===> Initializing <===>
2024-09-04 14:50:14.464 -07:00 [INF] Installed EFT Game Path: E:\Games\EFT
2024-09-04 14:50:14.490 -07:00 [INF] Installed EFT Game Version: 29862
2024-09-04 14:50:14.490 -07:00 [INF]  <===> Checking SPT Releases <===>
2024-09-04 14:50:14.491 -07:00 [INF] release.json TTL is OK
2024-09-04 14:50:14.491 -07:00 [INF]  <===> Checking for Patches <===>
2024-09-04 14:50:14.491 -07:00 [INF] mirrors.json TTL is INVALID
2024-09-04 14:50:14.491 -07:00 [INF] Downloading File: https://slugma.waffle-lord.net/mirrors.json
2024-09-04 14:50:14.730 -07:00 [ERR] Your live EFT is out of date. Please update it using the Battlestate Games Launcher and try runing the SPT Installer again
2024-09-04 14:50:51.896 -07:00 [INF] =========  SPT Installer v2.91.0.0 Started =========
2024-09-04 14:50:51.902 -07:00 [INF] Microsoft Windows NT 10.0.19045.0
2024-09-04 14:50:51.903 -07:00 [INF] System Language: en - English (United States)
2024-09-04 14:50:51.907 -07:00 [INF] installer.json TTL is OK
2024-09-04 14:50:51.921 -07:00 [INF] No updates available
2024-09-04 14:51:02.540 -07:00 [INF] Install Path: E:\Games\SPTarkov\3.9.8
2024-09-04 14:51:02.541 -07:00 [INF] -<>--<>- Running PreChecks -<>--<>-
2024-09-04 14:51:02.545 -07:00 [INF] PreCheck: EFT Installed (Required) -> Passed
Detail: EFT install folder found
2024-09-04 14:51:02.546 -07:00 [INF] PreCheck: .Net Framework 4.7.2 (Required) -> Passed
Detail: .Net Framework 4.7.2 or higher is installed.  Installed Version: 4.8.9037
2024-09-04 14:51:02.565 -07:00 [INF] PreCheck: .Net 8 Desktop Runtime (Required) -> Passed
Detail: .Net 8.0.0 Desktop Runtime or higher is installed.  Installed Version: 8.0.2
2024-09-04 14:51:02.614 -07:00 [INF] PreCheck: Free Space (Required) -> Passed
Detail: There is enough space available on E:\ to install SPT.  Available Space: 646.82 GB Space Required for EFT Client: 51.07 GB including ~10Gb overhead  Drive for cache 'C:\' has at least 5Gb of space. Available: 64.51 GB
2024-09-04 14:51:02.620 -07:00 [INF] PreCheck: EFT Launcher Closed (Required) -> Passed
Detail: Eft launcher is closed
2024-09-04 14:51:02.620 -07:00 [INF] release.json TTL is OK
2024-09-04 14:51:03.626 -07:00 [INF] -<>--<>- Running Installer Tasks -<>--<>-
2024-09-04 14:51:03.627 -07:00 [INF]  <===> Initializing <===>
2024-09-04 14:51:03.627 -07:00 [INF] Installed EFT Game Path: E:\Games\EFT
2024-09-04 14:51:03.628 -07:00 [INF] Installed EFT Game Version: 29862
2024-09-04 14:51:03.628 -07:00 [INF]  <===> Checking SPT Releases <===>
2024-09-04 14:51:03.628 -07:00 [INF] release.json TTL is OK
2024-09-04 14:51:03.628 -07:00 [INF]  <===> Checking for Patches <===>
2024-09-04 14:51:03.628 -07:00 [INF] mirrors.json TTL is OK
2024-09-04 14:51:03.632 -07:00 [ERR] Your live EFT is out of date. Please update it using the Battlestate Games Launcher and try runing the SPT Installer again
2024-09-04 15:08:12.348 -07:00 [INF] =========  SPT Installer v2.91.0.0 Started =========
2024-09-04 15:08:12.354 -07:00 [INF] Microsoft Windows NT 10.0.19045.0
2024-09-04 15:08:12.355 -07:00 [INF] System Language: en - English (United States)
2024-09-04 15:08:12.358 -07:00 [INF] installer.json TTL is OK
2024-09-04 15:08:12.408 -07:00 [INF] No updates available
2024-09-04 15:08:22.117 -07:00 [INF] Install Path: E:\Games\SPTarkov\3.9.8
2024-09-04 15:08:22.118 -07:00 [INF] -<>--<>- Running PreChecks -<>--<>-
2024-09-04 15:08:22.135 -07:00 [INF] PreCheck: EFT Installed (Required) -> Passed
Detail: EFT install folder found
2024-09-04 15:08:22.136 -07:00 [INF] PreCheck: .Net Framework 4.7.2 (Required) -> Passed
Detail: .Net Framework 4.7.2 or higher is installed.  Installed Version: 4.8.9037
2024-09-04 15:08:22.160 -07:00 [INF] PreCheck: .Net 8 Desktop Runtime (Required) -> Passed
Detail: .Net 8.0.0 Desktop Runtime or higher is installed.  Installed Version: 8.0.2
2024-09-04 15:08:22.212 -07:00 [INF] PreCheck: Free Space (Required) -> Passed
Detail: There is enough space available on E:\ to install SPT.  Available Space: 643.13 GB Space Required for EFT Client: 54.76 GB including ~10Gb overhead  Drive for cache 'C:\' has at least 5Gb of space. Available: 64.59 GB
2024-09-04 15:08:22.218 -07:00 [INF] PreCheck: EFT Launcher Closed (Required) -> Passed
Detail: Eft launcher is closed
2024-09-04 15:08:22.219 -07:00 [INF] release.json TTL is OK
2024-09-04 15:08:23.936 -07:00 [INF] -<>--<>- Running Installer Tasks -<>--<>-
2024-09-04 15:08:23.936 -07:00 [INF]  <===> Initializing <===>
2024-09-04 15:08:23.936 -07:00 [INF] Installed EFT Game Path: E:\Games\EFT
2024-09-04 15:08:23.938 -07:00 [INF] Installed EFT Game Version: 32291
2024-09-04 15:08:23.938 -07:00 [INF]  <===> Checking SPT Releases <===>
2024-09-04 15:08:23.938 -07:00 [INF] release.json TTL is OK
2024-09-04 15:08:23.938 -07:00 [INF]  <===> Checking for Patches <===>
2024-09-04 15:08:23.939 -07:00 [INF] mirrors.json TTL is OK
2024-09-04 15:08:23.945 -07:00 [INF] Current Release: 30626 - Patch Available
2024-09-04 15:08:23.945 -07:00 [INF]  <===> Downloading Patcher <===>
2024-09-04 15:08:23.945 -07:00 [INF] Verifying cached patcher ...
2024-09-04 15:08:23.946 -07:00 [INF] patcher NOT in cache
2024-09-04 15:08:23.946 -07:00 [INF] Expected hash: LU+ltXb27vVSjTnGx35MJA==
2024-09-04 15:08:23.946 -07:00 [INF] https://slugma.waffle-lord.net/Patcher_15.0.3.32291_to_14.9.1.30626.7z
2024-09-04 15:09:14.288 -07:00 [INF] Comparing Hashes :: S: LU+ltXb27vVSjTnGx35MJA== - E: LU+ltXb27vVSjTnGx35MJA==
2024-09-04 15:09:14.289 -07:00 [INF]  <===> Downloading SPT <===>
2024-09-04 15:09:14.289 -07:00 [INF] https://spt-releases.modd.in/SPT-3.9.8-30626-a0c79ac.7z
2024-09-04 15:09:14.289 -07:00 [INF] SPT NOT in cache
2024-09-04 15:09:14.289 -07:00 [INF] Expected hash: mlXZimQkSdx6h0YSr7QBqg==
2024-09-04 15:09:14.289 -07:00 [INF] Downloading File: https://spt-releases.modd.in/SPT-3.9.8-30626-a0c79ac.7z
2024-09-04 15:09:19.911 -07:00 [INF]  <===> Copying Client Files <===>
2024-09-04 15:10:49.595 -07:00 [INF]  <===> Preparing 7z <===>
2024-09-04 15:10:49.596 -07:00 [INF]  <===> Extracting Patcher <===>
2024-09-04 15:11:00.781 -07:00 [INF]  <===> Copying Patcher <===>
2024-09-04 15:11:08.646 -07:00 [INF]  <===> Running Patcher <===>
2024-09-04 15:13:44.230 -07:00 [INF]  <===> Extracting Release <===>
2024-09-04 15:13:46.803 -07:00 [INF]  <===> Cleanup <===>
2024-09-04 15:13:46.803 -07:00 [INF] almost done :)
2024-09-04 15:13:47.267 -07:00 [INF] Install Complete. Happy Playing!
2024-09-04 15:35:29.015 -07:00 [INF] Running add shortcuts script ...
