[Info   :   BepInEx] Loading [EFTUtils 1.2.2]
[Info   :   BepInEx] Loading [GamePanelHUDCore 3.1.1]
[Info   :   BepInEx] Loading [GamePanelHUDCompass 3.1.1]
[Info   :   BepInEx] Loading [GamePanelHUDGrenade 3.1.1]
[Info   :   BepInEx] Loading [GamePanelHUDHealth 3.1.1]
[Info   :   BepInEx] Loading [GamePanelHUDHit 3.1.1]
[Info   :   BepInEx] Loading [GamePanelHUDKill 3.1.1]
[Info   :   BepInEx] Loading [GamePanelHUDWeapon 3.1.1]
[Info   :   BepInEx] Loading [SPT.Custom 3.9.8]
[Info   :SPT.Custom] Loading: SPT.Custom
[Info   :ModulePatch] Enabled patch EasyAssetsPatch
[Info   :ModulePatch] Enabled patch EasyBundlePatch
[Debug  :ModulePatch] BossSpawnChancePatch Type: LocalGame
[Debug  :ModulePatch] BossSpawnChancePatch Method: smethod_8
[Info   :ModulePatch] Enabled patch BossSpawnChancePatch
[Info   :ModulePatch] Enabled patch BotDifficultyPatch
[Info   :ModulePatch] Enabled patch CoreDifficultyPatch
[Info   :ModulePatch] Enabled patch OfflineRaidMenuPatch
[Info   :ModulePatch] Enabled patch OfflineRaidSettingsMenuPatch
[Info   :ModulePatch] Enabled patch VersionLabelPatch
[Info   :ModulePatch] Enabled patch IsEnemyPatch
[Info   :ModulePatch] Enabled patch BotCalledDataTryCallPatch
[Info   :ModulePatch] Enabled patch BotOwnerDisposePatch
[Debug  :ModulePatch] LocationLootCacheBustingPatch Type: BaseLocalGame`1
[Debug  :ModulePatch] LocationLootCacheBustingPatch Method: method_6
[Info   :ModulePatch] Enabled patch LocationLootCacheBustingPatch
[Info   :ModulePatch] Enabled patch CheckAndAddEnemyPatch
[Info   :ModulePatch] Enabled patch BotSelfEnemyPatch
[Info   :ModulePatch] Enabled patch AddEnemyToAllGroupsInBotZonePatch
[Info   :ModulePatch] Enabled patch AirdropPatch
[Info   :ModulePatch] Enabled patch AirdropFlarePatch
[Info   :RequestHandler] [REQUEST]: /singleplayer/bossconvert
[Info   :RequestHandler] [REQUEST SUCCESSFUL] /singleplayer/bossconvert
[Info   :ModulePatch] Enabled patch CustomAiPatch
[Info   :ModulePatch] Enabled patch AddTraitorScavsPatch
[Info   :ModulePatch] Enabled patch ExitWhileLootingPatch
[Info   :ModulePatch] Enabled patch QTEPatch
[Info   :ModulePatch] Enabled patch PmcFirstAidPatch
[Info   :ModulePatch] Enabled patch SettingsLocationPatch
[Debug  :ModulePatch] SetLocationIdOnRaidStartPatch Type: BaseLocalGame`1
[Debug  :ModulePatch] SetLocationIdOnRaidStartPatch Method: method_3
[Info   :ModulePatch] Enabled patch SetLocationIdOnRaidStartPatch
[Info   :ModulePatch] Enabled patch RagfairFeePatch
[Info   :ModulePatch] Enabled patch ScavQuestPatch
[Info   :ModulePatch] Enabled patch FixBrokenSpawnOnSandboxPatch
[Info   :ModulePatch] Enabled patch BTRControllerInitPatch
[Info   :ModulePatch] Enabled patch BTRPathLoadPatch
[Info   :ModulePatch] Enabled patch BTRActivateTraderDialogPatch
[Info   :ModulePatch] Enabled patch BTRInteractionPatch
[Info   :ModulePatch] Enabled patch BTRExtractPassengersPatch
[Info   :ModulePatch] Enabled patch BTRBotAttachPatch
[Info   :ModulePatch] Enabled patch BTRReceiveDamageInfoPatch
[Info   :ModulePatch] Enabled patch BTRTurretCanShootPatch
[Info   :ModulePatch] Enabled patch BTRTurretDefaultAimingPositionPatch
[Info   :ModulePatch] Enabled patch BTRIsDoorsClosedPath
[Info   :ModulePatch] Enabled patch BTRPatch
[Info   :ModulePatch] Enabled patch BTRTransferItemsPatch
[Info   :ModulePatch] Enabled patch BTREndRaidItemDeliveryPatch
[Info   :ModulePatch] Enabled patch BTRDestroyAtRaidEndPatch
[Warning:  HarmonyX] BTRVehicleMovementSpeedPatch: You should only patch implemented methods/constructors to avoid issues. Patch the declared method virtual void VehicleBase::Update() instead of virtual void VehicleBase::Update().
[Info   :ModulePatch] Enabled patch BTRVehicleMovementSpeedPatch
[Info   :ModulePatch] Enabled patch BTRPathConfigMapPrefixPatch
[Info   :ModulePatch] Enabled patch ScavItemCheckmarkPatch
[Info   :ModulePatch] Enabled patch ResetTraderServicesPatch
[Info   :ModulePatch] Enabled patch CultistAmuletRemovalPatch
[Info   :ModulePatch] Enabled patch HalloweenExtractPatch
[Info   :ModulePatch] Enabled patch ClampRagdollPatch
[Info   :ModulePatch] Enabled patch DisablePvEPatch
[Info   :ModulePatch] Enabled patch InsurancePlaceItem
[Info   :ModulePatch] Enabled patch FileCachePatch
[Info   :ModulePatch] Enabled patch PMCSpawnParamPatch
[Info   :ModulePatch] Enabled patch FixBotgroupMarkofTheUnknown
[Info   :SPT.Custom] Completed: SPT.Custom
[Info   :   BepInEx] Loading [DynamicMaps 0.3.4]
[Warning:  HarmonyX] BattleUIScreenShowPatch: You should only patch implemented methods/constructors to avoid issues. Patch the declared method void EFT.UI.BattleUIScreen<EFT.UI.EftBattleUIScreen+GClass3136, EFT.UI.Screens.EEftScreenType>::Show(EFT.GamePlayerOwner owner) instead of void EFT.UI.BattleUIScreen<EFT.UI.EftBattleUIScreen+GClass3136, EFT.UI.Screens.EEftScreenType>::Show(EFT.GamePlayerOwner owner).
[Info   :ModulePatch] Enabled patch BattleUIScreenShowPatch
[Info   :ModulePatch] Enabled patch CommonUIAwakePatch
[Info   :ModulePatch] Enabled patch MapScreenShowPatch
[Info   :ModulePatch] Enabled patch MapScreenClosePatch
[Info   :ModulePatch] Enabled patch GameWorldOnDestroyPatch
[Info   :ModulePatch] Enabled patch GameWorldUnregisterPlayerPatch
[Info   :ModulePatch] Enabled patch GameWorldRegisterLootItemPatch
[Info   :ModulePatch] Enabled patch GameWorldDestroyLootPatch
[Info   :ModulePatch] Enabled patch AirdropBoxOnBoxLandPatch
[Info   :ModulePatch] Enabled patch PlayerOnDeadPatch
[Info   :ModulePatch] Enabled patch PlayerInventoryThrowItemPatch
[Info   :   BepInEx] Loading [SPT.Debugging 3.9.8]
[Info   :SPT.Debugging] Loading: SPT.Debugging
[Info   :ModulePatch] Enabled patch EndRaidDebug
[Info   :ModulePatch] Enabled patch LoggerClassLogPatch
[Info   :SPT.Debugging] Completed: SPT.Debugging
[Info   :   BepInEx] Loading [spt.Singleplayer 3.9.8]
[Info   :spt.Singleplayer] Loading: SPT.SinglePlayer
[Debug  :ModulePatch] OfflineSaveProfilePatch Type: TarkovApplication
[Debug  :ModulePatch] OfflineSaveProfilePatch Method: method_50
[Info   :ModulePatch] Enabled patch OfflineSaveProfilePatch
[Info   :ModulePatch] Enabled patch ExperienceGainPatch
[Info   :ModulePatch] Enabled patch ScavExperienceGainPatch
[Info   :ModulePatch] Enabled patch MainMenuControllerPatch
[Info   :ModulePatch] Enabled patch PlayerPatch
[Info   :ModulePatch] Enabled patch SelectLocationScreenPatch
[Info   :ModulePatch] Enabled patch InsuranceScreenPatch
[Info   :ModulePatch] Enabled patch BotTemplateLimitPatch
[Info   :ModulePatch] Enabled patch GetNewBotTemplatesPatch
[Info   :ModulePatch] Enabled patch RemoveUsedBotProfilePatch
[Info   :ModulePatch] Enabled patch DogtagPatch
[Info   :ModulePatch] Enabled patch LoadOfflineRaidScreenPatch
[Debug  :ModulePatch] ScavPrefabLoadPatch Type: Struct317
[Debug  :ModulePatch] ScavPrefabLoadPatch Method: MoveNext
[Info   :ModulePatch] Enabled patch ScavPrefabLoadPatch
[Debug  :ModulePatch] ScavProfileLoadPatch Type: Struct324
[Debug  :ModulePatch] ScavProfileLoadPatch Method: MoveNext
[Info   :ModulePatch] Enabled patch ScavProfileLoadPatch
[Info   :ModulePatch] Enabled patch ScavExfilPatch
[Info   :ModulePatch] Enabled patch ExfilPointManagerPatch
[Info   :ModulePatch] Enabled patch TinnitusFixPatch
[Debug  :ModulePatch] MaxBotPatch Type: BotsController
[Debug  :ModulePatch] MaxBotPatch Method: SetSettings
[Info   :ModulePatch] Enabled patch MaxBotPatch
[Debug  :ModulePatch] SpawnPmcPatch Type: GClass592
[Debug  :ModulePatch] SpawnPmcPatch Method: method_1
[Info   :ModulePatch] Enabled patch SpawnPmcPatch
[Info   :ModulePatch] Enabled patch PostRaidHealingPricePatch
[Info   :ModulePatch] Enabled patch EndByTimerPatch
[Debug  :ModulePatch] InRaidQuestAvailablePatch Type: QuestClass
[Debug  :ModulePatch] InRaidQuestAvailablePatch Method: SetStatus
[Debug  :ModulePatch] InRaidQuestAvailablePatch QuestStatus: QuestStatus
[Info   :ModulePatch] Enabled patch InRaidQuestAvailablePatch
[Debug  :ModulePatch] PostRaidHealScreenPatch Method: smethod_0
[Info   :ModulePatch] Enabled patch PostRaidHealScreenPatch
[Info   :ModulePatch] Enabled patch VoIPTogglerPatch
[Info   :ModulePatch] Enabled patch MidRaidQuestChangePatch
[Info   :ModulePatch] Enabled patch HealthControllerPatch
[Info   :ModulePatch] Enabled patch LighthouseBridgePatch
[Info   :ModulePatch] Enabled patch LighthouseTransmitterPatch
[Debug  :ModulePatch] EmptyInfilFixPatch Type: BaseLocalGame`1
[Debug  :ModulePatch] EmptyInfilFixPatch Method: vmethod_5
[Info   :ModulePatch] Enabled patch EmptyInfilFixPatch
[Info   :ModulePatch] Enabled patch SmokeGrenadeFuseSoundFixPatch
[Info   :ModulePatch] Enabled patch PlayerToggleSoundFixPatch
[Info   :ModulePatch] Enabled patch PluginErrorNotifierPatch
[Info   :ModulePatch] Enabled patch SpawnProcessNegativeValuePatch
[Info   :ModulePatch] Enabled patch InsuredItemManagerStartPatch
[Info   :ModulePatch] Enabled patch MapReadyButtonPatch
[Info   :ModulePatch] Enabled patch LabsKeycardRemovalPatch
[Debug  :ModulePatch] ScavLateStartPatch Type: TarkovApplication
[Debug  :ModulePatch] ScavLateStartPatch Method: method_47
[Info   :ModulePatch] Enabled patch ScavLateStartPatch
[Info   :ModulePatch] Enabled patch GetTraderServicesPatch
[Info   :ModulePatch] Enabled patch PurchaseTraderServicePatch
[Info   :ModulePatch] Enabled patch ScavSellAllPriceStorePatch
[Info   :ModulePatch] Enabled patch ScavSellAllRequestPatch
[Info   :ModulePatch] Enabled patch HideoutQuestIgnorePatch
[Info   :ModulePatch] Enabled patch LightKeeperServicesPatch
[Info   :ModulePatch] Enabled patch ScavEncyclopediaPatch
[Info   :ModulePatch] Enabled patch ScavRepAdjustmentPatch
[Info   :ModulePatch] Enabled patch AmmoUsedCounterPatch
[Info   :ModulePatch] Enabled patch ArmorDamageCounterPatch
[Info   :ModulePatch] Enabled patch FixAchievementsPatch
[Info   :spt.Singleplayer] Completed: SPT.SinglePlayer
[Info   :   BepInEx] Loading [LootingBots 1.3.5]
[Info   :ModulePatch] Enabled patch CleanCacheOnRaidEnd
[Info   :ModulePatch] Enabled patch ClearCacheOnDeath
[Info   :ModulePatch] Enabled patch EnableWeaponSwitching
[Info   :ModulePatch] Enabled patch InteractPatch
[Info   :ModulePatch] Enabled patch InventoryClosePatch
[Info   :ModulePatch] Enabled patch RemoveComponent
[Info   :   BepInEx] Loading [SAIN 3.1.0]
[Debug  :      SAIN] [] : [] : [Successfully Imported [SAINSettingsGroupClass] File Name: [Scav] To Path: [/Presets/Default [Modified]/BotSettings]]
[Debug  :      SAIN] [] : [] : [Successfully Imported [SAINSettingsGroupClass] File Name: [Scav Group] To Path: [/Presets/Default [Modified]/BotSettings]]
[Debug  :      SAIN] [] : [] : [Successfully Imported [SAINSettingsGroupClass] File Name: [Crazy Scav Event] To Path: [/Presets/Default [Modified]/BotSettings]]
[Debug  :      SAIN] [] : [] : [Successfully Imported [SAINSettingsGroupClass] File Name: [Usec] To Path: [/Presets/Default [Modified]/BotSettings]]
[Debug  :      SAIN] [] : [] : [Successfully Imported [SAINSettingsGroupClass] File Name: [Bear] To Path: [/Presets/Default [Modified]/BotSettings]]
[Debug  :      SAIN] [] : [] : [Successfully Imported [SAINSettingsGroupClass] File Name: [Tagged and Cursed Scav] To Path: [/Presets/Default [Modified]/BotSettings]]
[Debug  :      SAIN] [] : [] : [Successfully Imported [SAINSettingsGroupClass] File Name: [Knight] To Path: [/Presets/Default [Modified]/BotSettings]]
[Debug  :      SAIN] [] : [] : [Successfully Imported [SAINSettingsGroupClass] File Name: [BigPipe] To Path: [/Presets/Default [Modified]/BotSettings]]
[Debug  :      SAIN] [] : [] : [Successfully Imported [SAINSettingsGroupClass] File Name: [BirdEye] To Path: [/Presets/Default [Modified]/BotSettings]]
[Debug  :      SAIN] [] : [] : [Successfully Imported [SAINSettingsGroupClass] File Name: [Rogue] To Path: [/Presets/Default [Modified]/BotSettings]]
[Debug  :      SAIN] [] : [] : [Successfully Imported [SAINSettingsGroupClass] File Name: [Raider] To Path: [/Presets/Default [Modified]/BotSettings]]
[Debug  :      SAIN] [] : [] : [Successfully Imported [SAINSettingsGroupClass] File Name: [Bloodhound] To Path: [/Presets/Default [Modified]/BotSettings]]
[Debug  :      SAIN] [] : [] : [Successfully Imported [SAINSettingsGroupClass] File Name: [Cultist Priest] To Path: [/Presets/Default [Modified]/BotSettings]]
[Debug  :      SAIN] [] : [] : [Successfully Imported [SAINSettingsGroupClass] File Name: [Cultist] To Path: [/Presets/Default [Modified]/BotSettings]]
[Debug  :      SAIN] [] : [] : [Successfully Imported [SAINSettingsGroupClass] File Name: [Killa] To Path: [/Presets/Default [Modified]/BotSettings]]
[Debug  :      SAIN] [] : [] : [Successfully Imported [SAINSettingsGroupClass] File Name: [Rashala] To Path: [/Presets/Default [Modified]/BotSettings]]
[Debug  :      SAIN] [] : [] : [Successfully Imported [SAINSettingsGroupClass] File Name: [Rashala Guard] To Path: [/Presets/Default [Modified]/BotSettings]]
[Debug  :      SAIN] [] : [] : [Successfully Imported [SAINSettingsGroupClass] File Name: [Shturman] To Path: [/Presets/Default [Modified]/BotSettings]]
[Debug  :      SAIN] [] : [] : [Successfully Imported [SAINSettingsGroupClass] File Name: [Shturman Guard] To Path: [/Presets/Default [Modified]/BotSettings]]
[Debug  :      SAIN] [] : [] : [Successfully Imported [SAINSettingsGroupClass] File Name: [Tagilla] To Path: [/Presets/Default [Modified]/BotSettings]]
[Debug  :      SAIN] [] : [] : [Successfully Imported [SAINSettingsGroupClass] File Name: [Tagilla Guard] To Path: [/Presets/Default [Modified]/BotSettings]]
[Debug  :      SAIN] [] : [] : [Successfully Imported [SAINSettingsGroupClass] File Name: [Sanitar] To Path: [/Presets/Default [Modified]/BotSettings]]
[Debug  :      SAIN] [] : [] : [Successfully Imported [SAINSettingsGroupClass] File Name: [Sanitar Guard] To Path: [/Presets/Default [Modified]/BotSettings]]
[Debug  :      SAIN] [] : [] : [Successfully Imported [SAINSettingsGroupClass] File Name: [Gluhar] To Path: [/Presets/Default [Modified]/BotSettings]]
[Debug  :      SAIN] [] : [] : [Successfully Imported [SAINSettingsGroupClass] File Name: [Gluhar Guard Snipe] To Path: [/Presets/Default [Modified]/BotSettings]]
[Debug  :      SAIN] [] : [] : [Successfully Imported [SAINSettingsGroupClass] File Name: [Gluhar Guard Scout] To Path: [/Presets/Default [Modified]/BotSettings]]
[Debug  :      SAIN] [] : [] : [Successfully Imported [SAINSettingsGroupClass] File Name: [Gluhar Guard Security] To Path: [/Presets/Default [Modified]/BotSettings]]
[Debug  :      SAIN] [] : [] : [Successfully Imported [SAINSettingsGroupClass] File Name: [Gluhar Guard Assault] To Path: [/Presets/Default [Modified]/BotSettings]]
[Debug  :      SAIN] [] : [] : [Successfully Imported [SAINSettingsGroupClass] File Name: [Kaban] To Path: [/Presets/Default [Modified]/BotSettings]]
[Debug  :      SAIN] [] : [] : [Successfully Imported [SAINSettingsGroupClass] File Name: [Kaban Guard] To Path: [/Presets/Default [Modified]/BotSettings]]
[Debug  :      SAIN] [] : [] : [Successfully Imported [SAINSettingsGroupClass] File Name: [Kaban Sniper] To Path: [/Presets/Default [Modified]/BotSettings]]
[Debug  :      SAIN] [] : [] : [Successfully Imported [SAINSettingsGroupClass] File Name: [Kolontay] To Path: [/Presets/Default [Modified]/BotSettings]]
[Debug  :      SAIN] [] : [] : [Successfully Imported [SAINSettingsGroupClass] File Name: [Kolontay Assault] To Path: [/Presets/Default [Modified]/BotSettings]]
[Debug  :      SAIN] [] : [] : [Successfully Imported [SAINSettingsGroupClass] File Name: [Kolontay Security] To Path: [/Presets/Default [Modified]/BotSettings]]
[Debug  :      SAIN] [] : [] : [Successfully Imported [PersonalitySettingsClass] File Name: [Wreckless] To Path: [/Presets/Default [Modified]/Personalities]]
[Debug  :      SAIN] [] : [] : [Successfully Imported [PersonalitySettingsClass] File Name: [SnappingTurtle] To Path: [/Presets/Default [Modified]/Personalities]]
[Debug  :      SAIN] [] : [] : [Successfully Imported [PersonalitySettingsClass] File Name: [GigaChad] To Path: [/Presets/Default [Modified]/Personalities]]
[Debug  :      SAIN] [] : [] : [Successfully Imported [PersonalitySettingsClass] File Name: [Chad] To Path: [/Presets/Default [Modified]/Personalities]]
[Debug  :      SAIN] [] : [] : [Successfully Imported [PersonalitySettingsClass] File Name: [Rat] To Path: [/Presets/Default [Modified]/Personalities]]
[Debug  :      SAIN] [] : [] : [Successfully Imported [PersonalitySettingsClass] File Name: [Timmy] To Path: [/Presets/Default [Modified]/Personalities]]
[Debug  :      SAIN] [] : [] : [Successfully Imported [PersonalitySettingsClass] File Name: [Coward] To Path: [/Presets/Default [Modified]/Personalities]]
[Debug  :      SAIN] [] : [] : [Successfully Imported [PersonalitySettingsClass] File Name: [Normal] To Path: [/Presets/Default [Modified]/Personalities]]
[Debug  :      SAIN] [] : [] : [Adding CHIMERA]
[Debug  :      SAIN] [] : [] : [Adding DOORKICKER]
[Debug  :      SAIN] [] : [] : [Adding JACK_PYKE]
[Debug  :      SAIN] [] : [] : [Adding MILTEC]
[Debug  :      SAIN] [] : [] : [Adding TAN_ULACH]
[Debug  :      SAIN] [] : [] : [Adding UNTAR_BLUE]
[Debug  :      SAIN] [] : [] : [Adding Pilgrim]
[Debug  :      SAIN] [] : [] : [Adding Raid]
[Info   :ModulePatch] Enabled patch StopRefillMagsPatch
[Info   :ModulePatch] Enabled patch SetEnvironmentPatch
[Info   :ModulePatch] Enabled patch SetPanicPointPatch
[Info   :ModulePatch] Enabled patch AddPointToSearchPatch
[Info   :ModulePatch] Enabled patch TurnDamnLightOffPatch
[Info   :ModulePatch] Enabled patch GrenadeThrownActionPatch
[Info   :ModulePatch] Enabled patch GrenadeExplosionActionPatch
[Info   :ModulePatch] Enabled patch ShallKnowEnemyPatch
[Info   :ModulePatch] Enabled patch ShallKnowEnemyLatePatch
[Info   :ModulePatch] Enabled patch HaveSeenEnemyPatch
[Info   :ModulePatch] Enabled patch StopSetToNavMeshPatch
[Info   :ModulePatch] Enabled patch FightShallReloadFixPatch
[Info   :ModulePatch] Enabled patch EnableVaultPatch
[Info   :ModulePatch] Enabled patch BotMemoryAddEnemyPatch
[Info   :ModulePatch] Enabled patch BotGroupAddEnemyPatch
[Info   :ModulePatch] Enabled patch FixItemTakerPatch
[Info   :ModulePatch] Enabled patch FixItemTakerPatch2
[Info   :ModulePatch] Enabled patch RotateClampPatch
[Info   :ModulePatch] Enabled patch EncumberedPatch
[Info   :ModulePatch] Enabled patch DoorOpenerPatch
[Info   :ModulePatch] Enabled patch DoorDisabledPatch
[Info   :ModulePatch] Enabled patch CrawlPatch
[Info   :ModulePatch] Enabled patch CrawlPatch2
[Info   :ModulePatch] Enabled patch PoseStaminaPatch
[Info   :ModulePatch] Enabled patch AimStaminaPatch
[Info   :ModulePatch] Enabled patch GlobalShootSettingsPatch
[Info   :ModulePatch] Enabled patch GlobalLookPatch
[Info   :ModulePatch] Enabled patch TryPlayShootSoundPatch
[Info   :ModulePatch] Enabled patch OnMakingShotPatch
[Info   :ModulePatch] Enabled patch HearingSensorPatch
[Info   :ModulePatch] Enabled patch VoicePatch
[Info   :ModulePatch] Enabled patch GrenadeCollisionPatch
[Info   :ModulePatch] Enabled patch GrenadeCollisionPatch2
[Info   :ModulePatch] Enabled patch ToggleSoundPatch
[Info   :ModulePatch] Enabled patch SpawnInHandsSoundPatch
[Info   :ModulePatch] Enabled patch PlaySwitchHeadlightSoundPatch
[Info   :ModulePatch] Enabled patch BulletImpactPatch
[Info   :ModulePatch] Enabled patch TreeSoundPatch
[Info   :ModulePatch] Enabled patch DoorBreachSoundPatch
[Info   :ModulePatch] Enabled patch DoorOpenSoundPatch
[Info   :ModulePatch] Enabled patch FootstepSoundPatch
[Info   :ModulePatch] Enabled patch SprintSoundPatch
[Info   :ModulePatch] Enabled patch GenericMovementSoundPatch
[Info   :ModulePatch] Enabled patch JumpSoundPatch
[Info   :ModulePatch] Enabled patch DryShotPatch
[Info   :ModulePatch] Enabled patch ProneSoundPatch
[Info   :ModulePatch] Enabled patch SoundClipNameCheckerPatch
[Info   :ModulePatch] Enabled patch SoundClipNameCheckerPatch2
[Info   :ModulePatch] Enabled patch AimSoundPatch
[Info   :ModulePatch] Enabled patch LootingSoundPatch
[Info   :ModulePatch] Enabled patch SetInHandsGrenadePatch
[Info   :ModulePatch] Enabled patch SetInHandsFoodPatch
[Info   :ModulePatch] Enabled patch SetInHandsMedsPatch
[Info   :ModulePatch] Enabled patch JumpPainPatch
[Info   :ModulePatch] Enabled patch PlayerHurtPatch
[Info   :ModulePatch] Enabled patch PlayerTalkPatch
[Info   :ModulePatch] Enabled patch BotTalkPatch
[Info   :ModulePatch] Enabled patch BotTalkManualUpdatePatch
[Info   :ModulePatch] Enabled patch DisableLookUpdatePatch
[Info   :ModulePatch] Enabled patch UpdateLightEnablePatch
[Info   :ModulePatch] Enabled patch UpdateLightEnablePatch2
[Info   :ModulePatch] Enabled patch ToggleNightVisionPatch
[Info   :ModulePatch] Enabled patch SetPartPriorityPatch
[Info   :ModulePatch] Enabled patch GlobalLookSettingsPatch
[Info   :ModulePatch] Enabled patch WeatherTimeVisibleDistancePatch
[Info   :ModulePatch] Enabled patch NoAIESPPatch
[Info   :ModulePatch] Enabled patch BotLightTurnOnPatch
[Info   :ModulePatch] Enabled patch VisionSpeedPatch
[Info   :ModulePatch] Enabled patch VisionDistancePatch
[Info   :ModulePatch] Enabled patch CheckFlashlightPatch
[Info   :ModulePatch] Enabled patch DoHitAffectPatch
[Info   :ModulePatch] Enabled patch HitAffectApplyPatch
[Info   :ModulePatch] Enabled patch PlayerHitReactionDisablePatch
[Info   :ModulePatch] Enabled patch SetAimStatusPatch
[Info   :ModulePatch] Enabled patch AimOffsetPatch
[Info   :ModulePatch] Enabled patch AimTimePatch
[Info   :ModulePatch] Enabled patch ForceNoHeadAimPatch
[Info   :ModulePatch] Enabled patch AimRotateSpeedPatch
[Info   :ModulePatch] Enabled patch ResetGrenadePatch
[Info   :ModulePatch] Enabled patch SetGrenadePatch
[Info   :ModulePatch] Enabled patch FullAutoPatch
[Info   :ModulePatch] Enabled patch SemiAutoPatch
[Info   :ModulePatch] Enabled patch SemiAutoPatch2
[Info   :ModulePatch] Enabled patch SemiAutoPatch3
[Info   :ModulePatch] Enabled patch AddBotComponentPatch
[Info   :ModulePatch] Enabled patch AddGameWorldPatch
[Info   :ModulePatch] Enabled patch GetBotController
[Info   :ModulePatch] Enabled patch GetBotSpawner
[Info   :   BepInEx] Loading [Radar 1.1.6]
[Info   :     Radar] Radar Plugin Enabled.
[Info   :     Radar] AssetBundle Loaded!
[Info   :ModulePatch] Enabled patch GameStartPatch
[Info   :   BepInEx] Loading [MoreCheckmarks 1.5.14]
[Message:   BepInEx] Chainloader startup complete
[Info   : Unity Log] Odin Serializer ArchitectureInfo initialization with defaults (all unaligned read/writes disabled).
[Info   : Unity Log] Odin Serializer detected whitelisted runtime platform WindowsPlayer and memory read test succeeded; enabling all unaligned memory read/writes.
[Info   : Unity Log] Skipped command line argument:E:\Games\SPTarkov\3.9.8\EscapeFromTarkov.exe
[Info   : Unity Log] Skipped command line argument:-force-gfx-jobs
[Info   : Unity Log] Skipped command line argument:native
[Info   : Unity Log] key:token value:66d8e3f4000046012128d500
[Info   : Unity Log] key:config value:{"BackendUrl":"http://127.0.0.1:6969","Version":"live"}
[Info   : Unity Log] PlayerLoopSystems:
UnityEngine.PlayerLoop.Initialization
	UnityEngine.PlayerLoop.Initialization+PlayerUpdateTime
	UnityEngine.PlayerLoop.Initialization+DirectorSampleTime
	UnityEngine.PlayerLoop.Initialization+AsyncUploadTimeSlicedUpdate
	UnityEngine.PlayerLoop.Initialization+SynchronizeInputs
	UnityEngine.PlayerLoop.Initialization+SynchronizeState
	UnityEngine.PlayerLoop.Initialization+XREarlyUpdate
UnityEngine.PlayerLoop.EarlyUpdate
	CustomPlayerLoopSystem.FrameCounter
	CustomPlayerLoopSystem.StartOfFrame
	UnityEngine.PlayerLoop.EarlyUpdate+PollPlayerConnection
	UnityEngine.PlayerLoop.EarlyUpdate+ProfilerStartFrame
	UnityEngine.PlayerLoop.EarlyUpdate+GpuTimestamp
	UnityEngine.PlayerLoop.EarlyUpdate+AnalyticsCoreStatsUpdate
	UnityEngine.PlayerLoop.EarlyUpdate+UnityWebRequestUpdate
	UnityEngine.PlayerLoop.EarlyUpdate+ExecuteMainThreadJobs
	UnityEngine.PlayerLoop.EarlyUpdate+ProcessMouseInWindow
	UnityEngine.PlayerLoop.EarlyUpdate+ClearIntermediateRenderers
	UnityEngine.PlayerLoop.EarlyUpdate+ClearLines
	UnityEngine.PlayerLoop.EarlyUpdate+PresentBeforeUpdate
	UnityEngine.PlayerLoop.EarlyUpdate+ResetFrameStatsAfterPresent
	UnityEngine.PlayerLoop.EarlyUpdate+UpdateAsyncReadbackManager
	UnityEngine.PlayerLoop.EarlyUpdate+UpdateStreamingManager
	UnityEngine.PlayerLoop.EarlyUpdate+UpdateTextureStreamingManager
	UnityEngine.PlayerLoop.EarlyUpdate+UpdatePreloading
	UnityEngine.PlayerLoop.EarlyUpdate+RendererNotifyInvisible
	UnityEngine.PlayerLoop.EarlyUpdate+PlayerCleanupCachedData
	UnityEngine.PlayerLoop.EarlyUpdate+UpdateMainGameViewRect
	UnityEngine.PlayerLoop.EarlyUpdate+UpdateCanvasRectTransform
	UnityEngine.PlayerLoop.EarlyUpdate+XRUpdate
	UnityEngine.PlayerLoop.EarlyUpdate+UpdateInputManager
	UnityEngine.PlayerLoop.EarlyUpdate+ProcessRemoteInput
	UnityEngine.PlayerLoop.EarlyUpdate+ScriptRunDelayedStartupFrame
	UnityEngine.PlayerLoop.EarlyUpdate+UpdateKinect
	UnityEngine.PlayerLoop.EarlyUpdate+DeliverIosPlatformEvents
	UnityEngine.PlayerLoop.EarlyUpdate+TangoUpdate
	UnityEngine.PlayerLoop.EarlyUpdate+DispatchEventQueueEvents
	UnityEngine.PlayerLoop.EarlyUpdate+PhysicsResetInterpolatedTransformPosition
	UnityEngine.PlayerLoop.EarlyUpdate+SpriteAtlasManagerUpdate
	UnityEngine.PlayerLoop.EarlyUpdate+PerformanceAnalyticsUpdate
UnityEngine.PlayerLoop.FixedUpdate
	CustomPlayerLoopSystem.StartOfFixedUpdate
	UnityEngine.PlayerLoop.FixedUpdate+ClearLines
	UnityEngine.PlayerLoop.FixedUpdate+NewInputFixedUpdate
	UnityEngine.PlayerLoop.FixedUpdate+DirectorFixedSampleTime
	UnityEngine.PlayerLoop.FixedUpdate+AudioFixedUpdate
	UnityEngine.PlayerLoop.FixedUpdate+ScriptRunBehaviourFixedUpdate
	UnityEngine.PlayerLoop.FixedUpdate+DirectorFixedUpdate
	UnityEngine.PlayerLoop.FixedUpdate+LegacyFixedAnimationUpdate
	UnityEngine.PlayerLoop.FixedUpdate+XRFixedUpdate
	UnityEngine.PlayerLoop.FixedUpdate+PhysicsFixedUpdate
	UnityEngine.PlayerLoop.FixedUpdate+Physics2DFixedUpdate
	UnityEngine.PlayerLoop.FixedUpdate+PhysicsClothFixedUpdate
	UnityEngine.PlayerLoop.FixedUpdate+DirectorFixedUpdatePostPhysics
	UnityEngine.PlayerLoop.FixedUpdate+ScriptRunDelayedFixedFrameRate
	CustomPlayerLoopSystem.EndOfFixedUpdate
UnityEngine.PlayerLoop.PreUpdate
	UnityEngine.PlayerLoop.PreUpdate+PhysicsUpdate
	UnityEngine.PlayerLoop.PreUpdate+Physics2DUpdate
	UnityEngine.PlayerLoop.PreUpdate+CheckTexFieldInput
	UnityEngine.PlayerLoop.PreUpdate+IMGUISendQueuedEvents
	UnityEngine.PlayerLoop.PreUpdate+NewInputUpdate
	UnityEngine.PlayerLoop.PreUpdate+SendMouseEvents
	UnityEngine.PlayerLoop.PreUpdate+AIUpdate
	UnityEngine.PlayerLoop.PreUpdate+WindUpdate
	UnityEngine.PlayerLoop.PreUpdate+UpdateVideo
	CustomPlayerLoopSystem.UNetUpdate
	CustomPlayerLoopSystem.PostUNetUpdate
	CustomPlayerLoopSystem.GlobalEventsClear
	CustomPlayerLoopSystem.GlobalEventsApply
UnityEngine.PlayerLoop.Update
	CustomPlayerLoopSystem.StartOfUpdate
	UnityEngine.PlayerLoop.Update+ScriptRunBehaviourUpdate
	UnityEngine.PlayerLoop.Update+ScriptRunDelayedDynamicFrameRate
	UnityEngine.PlayerLoop.Update+ScriptRunDelayedTasks
	UnityEngine.PlayerLoop.Update+DirectorUpdate
	CustomPlayerLoopSystem.EndOfUpdate
UnityEngine.PlayerLoop.PreLateUpdate
	UnityEngine.PlayerLoop.PreLateUpdate+AIUpdatePostScript
	UnityEngine.PlayerLoop.PreLateUpdate+DirectorUpdateAnimationBegin
	UnityEngine.PlayerLoop.PreLateUpdate+LegacyAnimationUpdate
	UnityEngine.PlayerLoop.PreLateUpdate+DirectorUpdateAnimationEnd
	UnityEngine.PlayerLoop.PreLateUpdate+DirectorDeferredEvaluate
	UnityEngine.PlayerLoop.PreLateUpdate+EndGraphicsJobsAfterScriptUpdate
	UnityEngine.PlayerLoop.PreLateUpdate+ConstraintManagerUpdate
	UnityEngine.PlayerLoop.PreLateUpdate+ParticleSystemBeginUpdateAll
	UnityEngine.PlayerLoop.PreLateUpdate+ScriptRunBehaviourLateUpdate
UnityEngine.PlayerLoop.PostLateUpdate
	CustomPlayerLoopSystem.StartOfPostLateUpdate
	UnityEngine.PlayerLoop.PostLateUpdate+PlayerSendFrameStarted
	UnityEngine.PlayerLoop.PostLateUpdate+DirectorLateUpdate
	UnityEngine.PlayerLoop.PostLateUpdate+ScriptRunDelayedDynamicFrameRate
	UnityEngine.PlayerLoop.PostLateUpdate+PhysicsSkinnedClothBeginUpdate
	UnityEngine.PlayerLoop.PostLateUpdate+UpdateRectTransform
	UnityEngine.PlayerLoop.PostLateUpdate+PlayerUpdateCanvases
	UnityEngine.PlayerLoop.PostLateUpdate+UpdateAudio
	UnityEngine.PlayerLoop.PostLateUpdate+VFXUpdate
	UnityEngine.PlayerLoop.PostLateUpdate+ParticleSystemEndUpdateAll
	UnityEngine.PlayerLoop.PostLateUpdate+EndGraphicsJobsAfterScriptLateUpdate
	UnityEngine.PlayerLoop.PostLateUpdate+UpdateCustomRenderTextures
	UnityEngine.PlayerLoop.PostLateUpdate+UpdateAllRenderers
	UnityEngine.PlayerLoop.PostLateUpdate+EnlightenRuntimeUpdate
	UnityEngine.PlayerLoop.PostLateUpdate+UpdateAllSkinnedMeshes
	UnityEngine.PlayerLoop.PostLateUpdate+ProcessWebSendMessages
	UnityEngine.PlayerLoop.PostLateUpdate+SortingGroupsUpdate
	UnityEngine.PlayerLoop.PostLateUpdate+UpdateVideoTextures
	UnityEngine.PlayerLoop.PostLateUpdate+UpdateVideo
	UnityEngine.PlayerLoop.PostLateUpdate+DirectorRenderImage
	UnityEngine.PlayerLoop.PostLateUpdate+PlayerEmitCanvasGeometry
	UnityEngine.PlayerLoop.PostLateUpdate+PhysicsSkinnedClothFinishUpdate
	UnityEngine.PlayerLoop.PostLateUpdate+FinishFrameRendering
	UnityEngine.PlayerLoop.PostLateUpdate+BatchModeUpdate
	UnityEngine.PlayerLoop.PostLateUpdate+PlayerSendFrameComplete
	UnityEngine.PlayerLoop.PostLateUpdate+UpdateCaptureScreenshot
	UnityEngine.PlayerLoop.PostLateUpdate+PresentAfterDraw
	UnityEngine.PlayerLoop.PostLateUpdate+ClearImmediateRenderers
	UnityEngine.PlayerLoop.PostLateUpdate+PlayerSendFramePostPresent
	UnityEngine.PlayerLoop.PostLateUpdate+UpdateResolution
	UnityEngine.PlayerLoop.PostLateUpdate+InputEndFrame
	UnityEngine.PlayerLoop.PostLateUpdate+TriggerEndOfFrameCallbacks
	UnityEngine.PlayerLoop.PostLateUpdate+GUIClearEvents
	UnityEngine.PlayerLoop.PostLateUpdate+ShaderHandleErrors
	UnityEngine.PlayerLoop.PostLateUpdate+ResetInputAxis
	UnityEngine.PlayerLoop.PostLateUpdate+ThreadedLoadingDebug
	UnityEngine.PlayerLoop.PostLateUpdate+ProfilerSynchronizeStats
	UnityEngine.PlayerLoop.PostLateUpdate+MemoryFrameMaintenance
	UnityEngine.PlayerLoop.PostLateUpdate+ExecuteGameCenterCallbacks
	UnityEngine.PlayerLoop.PostLateUpdate+ProfilerEndFrame
	CustomPlayerLoopSystem.EndOfFrame

[Info   : Unity Log] No Meta XR Audio Room found, setting default room
[Info   : Unity Log] Meta XR Audio Native Interface initialized with Unity plugin
[Info   : Unity Log] Skipped command line argument:E:\Games\SPTarkov\3.9.8\EscapeFromTarkov.exe
[Info   : Unity Log] Skipped command line argument:-force-gfx-jobs
[Info   : Unity Log] Skipped command line argument:native
[Info   : Unity Log] key:token value:66d8e3f4000046012128d500
[Info   : Unity Log] key:config value:{"BackendUrl":"http://127.0.0.1:6969","Version":"live"}
[Debug  :ModulePatch] output Nlog: Info : Application awaken, updateQueue:'Update'
[Debug  :ModulePatch] output Nlog: Info : Assert.raiseExceptions:'True'
[Debug  :ModulePatch] output Nlog: Info : Application obfuscation succeed.
[Debug  :ModulePatch] output Nlog: Info : driveType:SSD swapDriveType:SSD
[Message:EFTVersion] GameVersion:0.14.9.30626 AkiVersion:3.9.8
[Info   :BaseModulePatch] Enabled patch GamePlayerOwnerPatchs
[Info   :BaseModulePatch] Enabled patch TriggerWithIdPatchs
[Message: ModVerify] UnityToolkit PluginVersion:1.0.1 FileVersion:1.0.1.0 CRC32:973A676C
[Message: ModVerify] ConfigurationManager PluginVersion:18.0.1 FileVersion:18.0.1.0 CRC32:923AEE97
[Message: ModVerify] CactusPie.RamCleanerInterval PluginVersion:1.0.0 FileVersion:1.0.0.0 CRC32:B6D800FA
[Message: ModVerify] spt-core PluginVersion:3.9.8 FileVersion:3.9.8.0 CRC32:F9CD9E19
[Message: ModVerify] DrakiaXYZ-Waypoints PluginVersion:1.5.1 FileVersion:1.5.1.0 CRC32:E92BB772
[Message: ModVerify] DrakiaXYZ-BigBrain PluginVersion:1.0.1 FileVersion:1.0.1.0 CRC32:E04C1E1A
[Message: ModVerify] SPTQuestingBots PluginVersion:0.7.0 FileVersion:0.7.0.0 CRC32:8BB0CA1F
[Message: ModVerify] dvize.Donuts PluginVersion:1.6.1 FileVersion:1.0.0.0 CRC32:6A0536AE
[Message: ModVerify] IcyClawz.ItemSellPrice PluginVersion:1.4.0 FileVersion:1.4.0.0 CRC32:C2115E49
[Message: ModVerify] EFTReflection PluginVersion:1.2.2 FileVersion:1.2.2.0 CRC32:886C6007
[Message: ModVerify] EFTApi PluginVersion:1.2.2 FileVersion:1.2.2.0 CRC32:CA78C3AB
[Message: ModVerify] EFTConfiguration PluginVersion:1.2.2 FileVersion:1.2.2.0 CRC32:2AD7FBB9
[Message: ModVerify] EFTUtils PluginVersion:1.2.2 FileVersion:1.2.2.0 CRC32:E317E4FE
[Message: ModVerify] GamePanelHUDCore PluginVersion:3.1.1 FileVersion:3.1.1.0  CRC32:4529B83
[Message: ModVerify] GamePanelHUDCompass PluginVersion:3.1.1 FileVersion:3.1.1.0  CRC32:9C5AE2EF
[Message: ModVerify] GamePanelHUDGrenade PluginVersion:3.1.1 FileVersion:3.1.1.0 CRC32:8FA665E2
[Message: ModVerify] GamePanelHUDHealth PluginVersion:3.1.1 FileVersion:3.1.1.0 CRC32:AD03BE71
[Message: ModVerify] GamePanelHUDHit PluginVersion:3.1.1 FileVersion:3.1.1.0 CRC32:979A8472
[Message: ModVerify] GamePanelHUDKill PluginVersion:3.1.1 FileVersion:3.1.1.0  CRC32:A2A6D245
[Message: ModVerify] GamePanelHUDWeapon PluginVersion:3.1.1 FileVersion:3.1.1.0 CRC32:9B792043
[Message: ModVerify] spt-custom PluginVersion:3.9.8 FileVersion:3.9.8.0 CRC32:F4B4F944
[Message: ModVerify] DynamicMaps PluginVersion:0.3.4 FileVersion:0.3.4.0 CRC32:1F73F143
[Message: ModVerify] spt-debugging PluginVersion:3.9.8 FileVersion:3.9.8.0 CRC32:17608EFD
[Message: ModVerify] spt-singleplayer PluginVersion:3.9.8 FileVersion:3.9.8.0 CRC32:542E2202
[Message: ModVerify] skwizzy.LootingBots PluginVersion:1.3.5 FileVersion:0.0.0.0 CRC32:5495B373
[Message: ModVerify] SAIN PluginVersion:3.1.0 FileVersion:3.1.0 CRC32:F95FB919
[Message: ModVerify] Tyrian-Radar PluginVersion:1.1.6 FileVersion:1.0.0.0 CRC32:F6359FC4
[Message: ModVerify] MoreCheckmarks PluginVersion:1.5.14 FileVersion:1.5.14.0 CRC32:2B7CBBDC
[Info   :RequestHandler] [REQUEST]: /singleplayer/settings/version
[Info   :RequestHandler] [REQUEST SUCCESSFUL] /singleplayer/settings/version
[Info   :RequestHandler] [REQUEST]: /singleplayer/release
[Info   :RequestHandler] [REQUEST SUCCESSFUL] /singleplayer/release
[Info   :RequestHandler] [REQUEST]: /singleplayer/enableBSGlogging
[Info   :RequestHandler] [REQUEST SUCCESSFUL] /singleplayer/enableBSGlogging
[Info   :MoreCheckmarks] MoreCheckmarks Started
[Info   :MoreCheckmarks] Configs loaded
[Info   :MoreCheckmarks] Assets loaded
[Info   :MoreCheckmarks] Loading data
[Info   :MoreCheckmarks] 	Quests
[Info   :RequestHandler] [REQUEST]: /MoreCheckmarksRoutes/quests
[Info   :RequestHandler] [REQUEST SUCCESSFUL] /MoreCheckmarksRoutes/quests
[Info   :MoreCheckmarks] 	Items
[Info   :RequestHandler] [REQUEST]: /MoreCheckmarksRoutes/items
[Info   :RequestHandler] [REQUEST SUCCESSFUL] /MoreCheckmarksRoutes/items
[Info   :MoreCheckmarks] 	Assorts
[Info   :RequestHandler] [REQUEST]: /MoreCheckmarksRoutes/assorts
[Info   :RequestHandler] [REQUEST SUCCESSFUL] /MoreCheckmarksRoutes/assorts
[Info   :MoreCheckmarks] 	Productions
[Info   :RequestHandler] [REQUEST]: /MoreCheckmarksRoutes/productions
[Info   :RequestHandler] [REQUEST SUCCESSFUL] /MoreCheckmarksRoutes/productions
[Debug  :   BepInEx] [UnityInput] Using LegacyInputSystem
[Warning:DonutsPlugin] Loaded 12 Donuts Scenario Folders
[Warning:DonutsPlugin] Loaded 4 Donuts Scenario Folders
[Warning:DonutsPlugin] Loaded 12 Donuts Scenario Folders
[Warning:DonutsPlugin] Loaded 4 Donuts Scenario Folders
[Warning:DonutsPlugin] Adding scenario: live-like
[Warning:DonutsPlugin] Adding scenario: live-like-alt
[Warning:DonutsPlugin] Adding scenario: morescavs
[Warning:DonutsPlugin] Adding scenario: morepmcs
[Warning:DonutsPlugin] Adding scenario: crazyraids
[Warning:DonutsPlugin] Adding scenario: impossibleraids
[Warning:DonutsPlugin] Adding scenario: quietraids
[Warning:DonutsPlugin] Adding scenario: scav-raids
[Warning:DonutsPlugin] Adding scenario: starting-pmcs-only-live-like
[Warning:DonutsPlugin] Adding scenario: starting-pmcs-only-live-like-alt
[Warning:DonutsPlugin] Adding scenario: starting-pmcs-only-morescavs
[Warning:DonutsPlugin] Adding scenario: starting-pmcs-only-quietraids
[Warning:DonutsPlugin] Adding scenario: Live Like (Random)
[Warning:DonutsPlugin] Adding scenario: Starting PMCs Only (Random)
[Warning:DonutsPlugin] Adding scenario: A Whole Lotta SCAVs (Random)
[Warning:DonutsPlugin] Adding scenario: Death Wish (Random)
[Warning:DonutsPlugin] Loaded 16 PMC Scenarios and Finished Generating
[Warning:DonutsPlugin] Adding scenario: live-like
[Warning:DonutsPlugin] Adding scenario: live-like-alt
[Warning:DonutsPlugin] Adding scenario: morescavs
[Warning:DonutsPlugin] Adding scenario: morepmcs
[Warning:DonutsPlugin] Adding scenario: crazyraids
[Warning:DonutsPlugin] Adding scenario: impossibleraids
[Warning:DonutsPlugin] Adding scenario: quietraids
[Warning:DonutsPlugin] Adding scenario: scav-raids
[Warning:DonutsPlugin] Adding scenario: starting-pmcs-only-live-like
[Warning:DonutsPlugin] Adding scenario: starting-pmcs-only-live-like-alt
[Warning:DonutsPlugin] Adding scenario: starting-pmcs-only-morescavs
[Warning:DonutsPlugin] Adding scenario: starting-pmcs-only-quietraids
[Warning:DonutsPlugin] Adding scenario: Live Like (Random)
[Warning:DonutsPlugin] Adding scenario: Starting PMCs Only (Random)
[Warning:DonutsPlugin] Adding scenario: A Whole Lotta SCAVs (Random)
[Warning:DonutsPlugin] Adding scenario: Death Wish (Random)
[Warning:DonutsPlugin] Loaded 16 SCAV Scenarios and Finished Generating
[Info   :RequestHandler] [REQUEST]: /singleplayer/bundles
[Info   :RequestHandler] [REQUEST SUCCESSFUL] /singleplayer/bundles
[Info   :RequestHandler] [REQUEST]: /singleplayer/settings/version
[Info   :RequestHandler] [REQUEST SUCCESSFUL] /singleplayer/settings/version
[Info   :ModulePatch] Server version: SPT 3.9.8 - a0c79a
[Info   :DynamicMaps] Trying to attach to MapScreen
[Info   :DynamicMaps] Trying to load MapDef from path: E:\Games\SPTarkov\3.9.8\BepInEx\plugins\DynamicMaps\Maps\Customs_TarkovDev\Customs_TarkovDev.jsonc
[Info   :DynamicMaps] Loaded MapDef with display name: Customs (TarkovDev)
[Info   :DynamicMaps] Trying to load MapDef from path: E:\Games\SPTarkov\3.9.8\BepInEx\plugins\DynamicMaps\Maps\Factory_TarkovDev\Factory_TarkovDev.jsonc
[Info   :DynamicMaps] Loaded MapDef with display name: Factory (TarkovDev)
[Info   :DynamicMaps] Trying to load MapDef from path: E:\Games\SPTarkov\3.9.8\BepInEx\plugins\DynamicMaps\Maps\GroundZero_TarkovDev\GroundZero_TarkovDev.jsonc
[Info   :DynamicMaps] Loaded MapDef with display name: Ground Zero (TarkovDev)
[Info   :DynamicMaps] Trying to load MapDef from path: E:\Games\SPTarkov\3.9.8\BepInEx\plugins\DynamicMaps\Maps\Interchange_TarkovDev\Interchange_TarkovDev.jsonc
[Info   :DynamicMaps] Loaded MapDef with display name: Interchange (TarkovDev)
[Info   :DynamicMaps] Trying to load MapDef from path: E:\Games\SPTarkov\3.9.8\BepInEx\plugins\DynamicMaps\Maps\Labs_TarkovDev\Labs_TarkovDev.jsonc
[Info   :DynamicMaps] Loaded MapDef with display name: Labs (TarkovDev)
[Info   :DynamicMaps] Trying to load MapDef from path: E:\Games\SPTarkov\3.9.8\BepInEx\plugins\DynamicMaps\Maps\Lighthouse_TarkovData\Lighthouse_TarkovData.jsonc
[Info   :DynamicMaps] Loaded MapDef with display name: Lighthouse (TarkovData)
[Info   :DynamicMaps] Trying to load MapDef from path: E:\Games\SPTarkov\3.9.8\BepInEx\plugins\DynamicMaps\Maps\Reserve_TarkovData\Reserve_TarkovData.jsonc
[Info   :DynamicMaps] Loaded MapDef with display name: Reserve (TarkovData)
[Info   :DynamicMaps] Trying to load MapDef from path: E:\Games\SPTarkov\3.9.8\BepInEx\plugins\DynamicMaps\Maps\Shoreline_TarkovData\Shoreline_TarkovData.jsonc
[Info   :DynamicMaps] Loaded MapDef with display name: Shoreline (TarkovData)
[Info   :DynamicMaps] Trying to load MapDef from path: E:\Games\SPTarkov\3.9.8\BepInEx\plugins\DynamicMaps\Maps\Streets_TarkovData\Streets_TarkovData.jsonc
[Info   :DynamicMaps] Loaded MapDef with display name: Streets of Tarkov (TarkovData)
[Info   :DynamicMaps] Trying to load MapDef from path: E:\Games\SPTarkov\3.9.8\BepInEx\plugins\DynamicMaps\Maps\Woods_TarkovData\Woods_TarkovData.jsonc
[Info   :DynamicMaps] Loaded MapDef with display name: Woods (TarkovData)
[Info   :DynamicMaps] Precaching sprite: Maps/Customs_TarkovDev/Layers/customs_level_-1.png
[Info   :DynamicMaps] Precaching sprite: Maps/Customs_TarkovDev/Layers/customs_level_0.png
[Info   :DynamicMaps] Precaching sprite: Maps/Customs_TarkovDev/Layers/customs_level_1.png
[Info   :DynamicMaps] Precaching sprite: Maps/Customs_TarkovDev/Layers/customs_level_2.png
[Info   :DynamicMaps] Precaching sprite: Maps/Factory_TarkovDev/Layers/factory_layer_-1.png
[Info   :DynamicMaps] Precaching sprite: Maps/Factory_TarkovDev/Layers/factory_layer_0.png
[Info   :      SAIN] [SAIN.ModDetection] : [[CheckPlugins()]:] : [SAIN: Questing Bots Detected.]
[Info   :      SAIN] [SAIN.ModDetection] : [[CheckPlugins()]:] : [SAIN: Looting Bots Detected.]
[Info   :DynamicMaps] Precaching sprite: Maps/Factory_TarkovDev/Layers/factory_layer_1.png
[Info   :DynamicMaps] Precaching sprite: Maps/Factory_TarkovDev/Layers/factory_layer_2.png
[Info   :DynamicMaps] Precaching sprite: Maps/GroundZero_TarkovDev/Layers/ground_zero_layer_-1.png
[Info   :DynamicMaps] Precaching sprite: Maps/GroundZero_TarkovDev/Layers/ground_zero_layer_0.png
[Info   :DynamicMaps] Precaching sprite: Maps/GroundZero_TarkovDev/Layers/ground_zero_layer_1.png
[Info   :DynamicMaps] Precaching sprite: Maps/GroundZero_TarkovDev/Layers/ground_zero_layer_2.png
[Info   :DynamicMaps] Precaching sprite: Maps/Interchange_TarkovDev/Layers/interchange_layer_0.png
[Info   :DynamicMaps] Precaching sprite: Maps/Interchange_TarkovDev/Layers/interchange_layer_1.png
[Info   :DynamicMaps] Precaching sprite: Maps/Interchange_TarkovDev/Layers/interchange_layer_2.png
[Info   :DynamicMaps] Precaching sprite: Maps/Labs_TarkovDev/Layers/labs_layer_-1.png
[Info   :DynamicMaps] Precaching sprite: Maps/Labs_TarkovDev/Layers/labs_layer_0.png
[Info   :DynamicMaps] Precaching sprite: Maps/Labs_TarkovDev/Layers/labs_layer_1.png
[Info   :DynamicMaps] Precaching sprite: Maps/Lighthouse_TarkovData/Layers/lighthouse_layer_0.png
[Info   :DynamicMaps] Precaching sprite: Maps/Reserve_TarkovData/Layers/reserve_layer_-1.png
[Info   :DynamicMaps] Precaching sprite: Maps/Reserve_TarkovData/Layers/reserve_layer_0.png
[Info   :DynamicMaps] Precaching sprite: Maps/Shoreline_TarkovData/Layers/shoreline_layer_-1.png
[Info   :DynamicMaps] Precaching sprite: Maps/Shoreline_TarkovData/Layers/shoreline_layer_0.png
[Info   :DynamicMaps] Precaching sprite: Maps/Shoreline_TarkovData/Layers/shoreline_layer_1.png
[Info   :DynamicMaps] Precaching sprite: Maps/Shoreline_TarkovData/Layers/shoreline_layer_2.png
[Info   :DynamicMaps] Precaching sprite: Maps/Streets_TarkovData/Layers/streets_layer_-1.png
[Info   :DynamicMaps] Precaching sprite: Maps/Streets_TarkovData/Layers/streets_layer_0.png
[Info   :DynamicMaps] Precaching sprite: Maps/Streets_TarkovData/Layers/streets_layer_1.png
[Info   :DynamicMaps] Precaching sprite: Maps/Streets_TarkovData/Layers/streets_layer_2.png
[Info   :DynamicMaps] Precaching sprite: Maps/Streets_TarkovData/Layers/streets_layer_3.png
[Info   :DynamicMaps] Precaching sprite: Maps/Streets_TarkovData/Layers/streets_layer_4.png
[Info   :DynamicMaps] Precaching sprite: Maps/Woods_TarkovData/Layers/woods_layer_0.png
[Warning: Unity Log] Only custom filters can be played. Please add a custom filter or an audioclip to the audiosource (Audio Source).
[Warning: Unity Log] Renderer 'light_CellPlafonds_holder_LOD0' is registered with more than one LODGroup ('light_CellPlafonds_holder (1)' and 'light_CellPlafonds_holder_LOD0').
[Warning: Unity Log] Renderer 'light_CellPlafonds_holder_LOD0' is registered with more than one LODGroup ('light_CellPlafonds_holder (1)' and 'light_CellPlafonds_holder_LOD0').
[Info   :MoreCheckmarks] Loading data
[Info   :MoreCheckmarks] 	Quests
[Info   :RequestHandler] [REQUEST]: /MoreCheckmarksRoutes/quests
[Info   :RequestHandler] [REQUEST SUCCESSFUL] /MoreCheckmarksRoutes/quests
[Info   :MoreCheckmarks] 	Items
[Info   :MoreCheckmarks] 	Assorts
[Info   :RequestHandler] [REQUEST]: /MoreCheckmarksRoutes/assorts
[Info   :RequestHandler] [REQUEST SUCCESSFUL] /MoreCheckmarksRoutes/assorts
[Info   :MoreCheckmarks] 	Productions
[Info   :RequestHandler] [REQUEST]: /MoreCheckmarksRoutes/productions
[Info   :RequestHandler] [REQUEST SUCCESSFUL] /MoreCheckmarksRoutes/productions
[Info   :DanW-QuestingBots] Logging path: E:\Games\SPTarkov\3.9.8/BepInEx/plugins/DanW-SPTQuestingBots/log/
[Info   :DanW-QuestingBots] Found 64 non-EFT quests for bigmap
[Info   :DanW-QuestingBots] Found 33 non-EFT quests for factory4_day
[Info   :DanW-QuestingBots] Found 82 non-EFT quests for Interchange
[Info   :DanW-QuestingBots] Found 53 non-EFT quests for laboratory
[Info   :DanW-QuestingBots] Found 63 non-EFT quests for Lighthouse
[Info   :DanW-QuestingBots] Found 54 non-EFT quests for RezervBase
[Info   :DanW-QuestingBots] Found 40 non-EFT quests for Sandbox
[Info   :DanW-QuestingBots] Found 40 non-EFT quests for Sandbox_high
[Info   :DanW-QuestingBots] Found 50 non-EFT quests for Shoreline
[Info   :DanW-QuestingBots] Found 109 non-EFT quests for TarkovStreets
[Info   :DanW-QuestingBots] Found 37 non-EFT quests for Woods
[Info   :DanW-QuestingBots] Validated all quest files
[Info   :RequestHandler] [REQUEST]: /singleplayer/log
[Info   :RequestHandler] [REQUEST SUCCESSFUL] /singleplayer/log
[Info   :LootingBots] Initializing item appraiser
[Info   :RequestHandler] [REQUEST]: /singleplayer/log
[Info   :RequestHandler] [REQUEST SUCCESSFUL] /singleplayer/log
[Info   :RequestHandler] [REQUEST]: /singleplayer/log
[Info   :RequestHandler] [REQUEST SUCCESSFUL] /singleplayer/log
[Info   :RequestHandler] [REQUEST]: /singleplayer/log
[Info   :RequestHandler] [REQUEST SUCCESSFUL] /singleplayer/log
