[Message:   BepInEx] BepInEx 5.4.22.0 - EscapeFromTarkov (9/4/2024 3:11:13 PM)
[Info   :   BepInEx] Running under Unity v0.14.9.3062
[Info   :   BepInEx] CLR runtime version: 4.0.30319.42000
[Info   :   BepInEx] Supports SRE: True
[Info   :   BepInEx] System platform: Bits64, Windows
[Message:   BepInEx] Preloader started
[Info   :   BepInEx] Loaded 1 patcher method from [BepInEx.Preloader 5.4.22.0]
[Info   :   BepInEx] Loaded 1 patcher method from [spt-prepatch 3.9.8.0]
[Info   :   BepInEx] 2 patcher plugins loaded
[Info   :   BepInEx] Patching [UnityEngine.CoreModule] with [BepInEx.Chainloader]
[Info   :   BepInEx] Patching [Assembly-CSharp] with [SPT.PrePatch.SPTPrePatcher]
[Message:   BepInEx] Preloader finished
[Message:   BepInEx] Chainloader ready
[Message:   BepInEx] Chainloader started
[Info   :   BepInEx] 28 plugins to load
[Info   :   BepInEx] Loading [Unity Toolkit 1.0.1]
[Info   :   BepInEx] Loading [Configuration Manager 18.0.1]
[Info   :   BepInEx] Loading [CactusPie.RamCleanerInterval 1.0.0]
[Info   :   BepInEx] Loading [SPT.Core 3.9.8]
[Info   :  SPT.Core] Loading: SPT.Core
[Info   :ModulePatch] Enabled patch ConsistencySinglePatch
[Info   :ModulePatch] Enabled patch ConsistencyMultiPatch
[Info   :ModulePatch] Enabled patch GameValidationPatch
[Info   :ModulePatch] Enabled patch BattlEyePatch
[Info   :ModulePatch] Enabled patch SslCertificatePatch
[Info   :ModulePatch] Enabled patch UnityWebRequestPatch
[Info   :ModulePatch] Enabled patch WebSocketPatch
[Info   :ModulePatch] Enabled patch TransportPrefixPatch
[Info   :  SPT.Core] Completed: SPT.Core
[Info   :   BepInEx] Loading [DrakiaXYZ-Waypoints 1.5.1]
[Info   :ModulePatch] Enabled patch DebugPatch
[Info   :ModulePatch] Enabled patch WaypointPatch
[Info   :ModulePatch] Enabled patch DoorLinkPatch
[Info   :ModulePatch] Enabled patch DoorLinkStateChangePatch
[Info   :ModulePatch] Enabled patch SwitchDoorBlockerPatch
[Info   :ModulePatch] Enabled patch ExfilDoorBlockerPatch
[Info   :ModulePatch] Enabled patch FindPathPatch
[Info   :   BepInEx] Loading [DrakiaXYZ-BigBrain 1.0.1]
[Info   :DrakiaXYZ-BigBrain] Loading: DrakiaXYZ-BigBrain
[Info   :ModulePatch] Enabled patch BotBaseBrainActivatePatch
[Info   :ModulePatch] Enabled patch BotBrainCreateLogicNodePatch
[Info   :ModulePatch] Enabled patch BotBaseBrainUpdatePatch
[Info   :ModulePatch] Enabled patch BotAgentUpdatePatch
[Info   :ModulePatch] Enabled patch BotBaseBrainActivateLayerPatch
[Info   :ModulePatch] Enabled patch BotBaseBrainAddLayerPatch
[Info   :DrakiaXYZ-BigBrain] Completed: DrakiaXYZ-BigBrain
[Info   :   BepInEx] Loading [DanW-QuestingBots 0.7.0]
[Info   :DanW-QuestingBots] Loading QuestingBots...
[Info   :DanW-QuestingBots] Loading QuestingBots...getting configuration data...
[Info   :RequestHandler] [REQUEST]: /QuestingBots/GetConfig
[Info   :RequestHandler] [REQUEST SUCCESSFUL] /QuestingBots/GetConfig
[Info   :DanW-QuestingBots] Loading QuestingBots...enabling patches...
[Info   :ModulePatch] Enabled patch TarkovInitPatch
[Info   :ModulePatch] Enabled patch AddActivePlayerPatch
[Info   :ModulePatch] Enabled patch BotsControllerStopPatch
[Info   :ModulePatch] Enabled patch OnGameStartedPatch
[Info   :ModulePatch] Enabled patch BotOwnerBrainActivatePatch
[Info   :ModulePatch] Enabled patch IsFollowerSuitableForBossPatch
[Info   :ModulePatch] Enabled patch OnBeenKilledByAggressorPatch
[Info   :ModulePatch] Enabled patch AirdropLandPatch
[Info   :DanW-QuestingBots] Found type for ServerRequestPatch: Class270
[Info   :ModulePatch] Enabled patch ServerRequestPatch
[Info   :ModulePatch] Enabled patch CheckLookEnemyPatch
[Info   :DanW-QuestingBots] Loading QuestingBots...changing bot brains for sleeping: Assault, CursAssault, Obdolbs, BossBully, BossSanitar, BossGluhar, BossKojaniy, BossBoar, BossKolontay, Tagilla, Killa, ExUsec, PMC, Knight, ArenaFighter, FollowerBully, FollowerSanitar, TagillaFollower, FollowerGluharAssault, FollowerGluharProtect, FollowerGluharScout, FollowerKojaniy, BoarSniper, FlBoar, FlBoarCl, FlBoarSt, FlKlnAslt, KolonSec, BigPipe, BirdEye, SectantWarrior, SectantPriest, Marksman, BossZryachiy, Fl_Zraychiy
[Info   :DanW-QuestingBots] Loading QuestingBots...changing bot brains for questing: Assault, CursAssault, Obdolbs, BossBully, BossSanitar, BossGluhar, BossKojaniy, BossBoar, BossKolontay, Tagilla, Killa, ExUsec, PMC, Knight, ArenaFighter, FollowerBully, FollowerSanitar, TagillaFollower, FollowerGluharAssault, FollowerGluharProtect, FollowerGluharScout, FollowerKojaniy, BoarSniper, FlBoar, FlBoarCl, FlBoarSt, FlKlnAslt, KolonSec, BigPipe, BirdEye, SectantWarrior, SectantPriest
[Info   :DanW-QuestingBots] Loading QuestingBots...changing bot brains for following: Assault, CursAssault, Obdolbs, BossBully, BossSanitar, BossGluhar, BossKojaniy, BossBoar, BossKolontay, Tagilla, Killa, ExUsec, PMC, Knight, ArenaFighter, FollowerBully, FollowerSanitar, TagillaFollower, FollowerGluharAssault, FollowerGluharProtect, FollowerGluharScout, FollowerKojaniy, BoarSniper, FlBoar, FlBoarCl, FlBoarSt, FlKlnAslt, KolonSec, BigPipe, BirdEye, SectantWarrior, SectantPriest, Marksman, BossZryachiy, Fl_Zraychiy
[Info   :DanW-QuestingBots] Loading QuestingBots...done.
[Info   :   BepInEx] Loading [dvize.Donuts 1.6.1]
[Info   :ModulePatch] Enabled patch NewGameDonutsPatch
[Info   :ModulePatch] Enabled patch BotGroupAddEnemyPatch
[Info   :ModulePatch] Enabled patch BotMemoryAddEnemyPatch
[Info   :ModulePatch] Enabled patch MatchEndPlayerDisposePatch
[Info   :ModulePatch] Enabled patch PatchStandbyTeleport
[Info   :ModulePatch] Enabled patch BotProfilePreparationHook
[Info   :ModulePatch] Enabled patch AddEnemyPatch
[Info   :ModulePatch] Enabled patch ShootDataNullRefPatch
[Info   :ModulePatch] Enabled patch CoverPointMasterNullRef
[Info   :ModulePatch] Enabled patch DelayedGameStartPatch
[Info   :ModulePatch] Enabled patch PlayerFireControlPatchGetter
[Info   :ModulePatch] Enabled patch PlayerFireControlPatchSetter
[Info   :   BepInEx] Loading [IcyClawz.ItemSellPrice 1.4.0]
[Info   :ModulePatch] Enabled patch TraderPatch
[Info   :ModulePatch] Enabled patch ItemPatch
[Info   :ModulePatch] Enabled patch AmmoPatch
[Info   :ModulePatch] Enabled patch GrenadePatch
[Info   :ModulePatch] Enabled patch SecureContainerPatch
[Info   :   BepInEx] Loading [EFTReflection 1.2.2]
[Info   :   BepInEx] Loading [EFTApi 1.2.2]
[Info   :   BepInEx] Loading [EFTConfiguration 1.2.2]
[Info   :   BepInEx] Loading [EFTUtils 1.2.2]
[Info   :   BepInEx] Loading [GamePanelHUDCore 3.1.1]
[Info   :   BepInEx] Loading [GamePanelHUDCompass 3.1.1]
[Info   :   BepInEx] Loading [GamePanelHUDGrenade 3.1.1]
[Info   :   BepInEx] Loading [GamePanelHUDHealth 3.1.1]
[Info   :   BepInEx] Loading [GamePanelHUDHit 3.1.1]
[Info   :   BepInEx] Loading [GamePanelHUDKill 3.1.1]
[Info   :   BepInEx] Loading [GamePanelHUDWeapon 3.1.1]
[Info   :   BepInEx] Loading [SPT.Custom 3.9.8]
[Info   :SPT.Custom] Loading: SPT.Custom
[Info   :ModulePatch] Enabled patch EasyAssetsPatch
[Info   :ModulePatch] Enabled patch EasyBundlePatch
[Info   :ModulePatch] Enabled patch BossSpawnChancePatch
[Info   :ModulePatch] Enabled patch BotDifficultyPatch
[Info   :ModulePatch] Enabled patch CoreDifficultyPatch
[Info   :ModulePatch] Enabled patch OfflineRaidMenuPatch
[Info   :ModulePatch] Enabled patch OfflineRaidSettingsMenuPatch
[Info   :ModulePatch] Enabled patch VersionLabelPatch
[Info   :ModulePatch] Enabled patch IsEnemyPatch
[Info   :ModulePatch] Enabled patch BotCalledDataTryCallPatch
[Info   :ModulePatch] Enabled patch BotOwnerDisposePatch
[Info   :ModulePatch] Enabled patch LocationLootCacheBustingPatch
[Info   :ModulePatch] Enabled patch CheckAndAddEnemyPatch
[Info   :ModulePatch] Enabled patch BotSelfEnemyPatch
[Info   :ModulePatch] Enabled patch AddEnemyToAllGroupsInBotZonePatch
[Info   :ModulePatch] Enabled patch AirdropPatch
[Info   :ModulePatch] Enabled patch AirdropFlarePatch
[Info   :RequestHandler] [REQUEST]: /singleplayer/bossconvert
[Info   :RequestHandler] [REQUEST SUCCESSFUL] /singleplayer/bossconvert
[Info   :ModulePatch] Enabled patch CustomAiPatch
[Info   :ModulePatch] Enabled patch AddTraitorScavsPatch
[Info   :ModulePatch] Enabled patch ExitWhileLootingPatch
[Info   :ModulePatch] Enabled patch QTEPatch
[Info   :ModulePatch] Enabled patch PmcFirstAidPatch
[Info   :ModulePatch] Enabled patch SettingsLocationPatch
[Info   :ModulePatch] Enabled patch SetLocationIdOnRaidStartPatch
[Info   :ModulePatch] Enabled patch RagfairFeePatch
[Info   :ModulePatch] Enabled patch ScavQuestPatch
[Info   :ModulePatch] Enabled patch FixBrokenSpawnOnSandboxPatch
[Info   :ModulePatch] Enabled patch BTRControllerInitPatch
[Info   :ModulePatch] Enabled patch BTRPathLoadPatch
[Info   :ModulePatch] Enabled patch BTRActivateTraderDialogPatch
[Info   :ModulePatch] Enabled patch BTRInteractionPatch
[Info   :ModulePatch] Enabled patch BTRExtractPassengersPatch
[Info   :ModulePatch] Enabled patch BTRBotAttachPatch
[Info   :ModulePatch] Enabled patch BTRReceiveDamageInfoPatch
[Info   :ModulePatch] Enabled patch BTRTurretCanShootPatch
[Info   :ModulePatch] Enabled patch BTRTurretDefaultAimingPositionPatch
[Info   :ModulePatch] Enabled patch BTRIsDoorsClosedPath
[Info   :ModulePatch] Enabled patch BTRPatch
[Info   :ModulePatch] Enabled patch BTRTransferItemsPatch
[Info   :ModulePatch] Enabled patch BTREndRaidItemDeliveryPatch
[Info   :ModulePatch] Enabled patch BTRDestroyAtRaidEndPatch
[Warning:  HarmonyX] BTRVehicleMovementSpeedPatch: You should only patch implemented methods/constructors to avoid issues. Patch the declared method virtual void VehicleBase::Update() instead of virtual void VehicleBase::Update().
[Info   :ModulePatch] Enabled patch BTRVehicleMovementSpeedPatch
[Info   :ModulePatch] Enabled patch BTRPathConfigMapPrefixPatch
[Info   :ModulePatch] Enabled patch ScavItemCheckmarkPatch
[Info   :ModulePatch] Enabled patch ResetTraderServicesPatch
[Info   :ModulePatch] Enabled patch CultistAmuletRemovalPatch
[Info   :ModulePatch] Enabled patch HalloweenExtractPatch
[Info   :ModulePatch] Enabled patch ClampRagdollPatch
[Info   :ModulePatch] Enabled patch DisablePvEPatch
[Info   :ModulePatch] Enabled patch InsurancePlaceItem
[Info   :ModulePatch] Enabled patch FileCachePatch
[Info   :ModulePatch] Enabled patch PMCSpawnParamPatch
[Info   :ModulePatch] Enabled patch FixBotgroupMarkofTheUnknown
[Info   :SPT.Custom] Completed: SPT.Custom
[Info   :   BepInEx] Loading [DynamicMaps 0.3.4]
[Warning:  HarmonyX] BattleUIScreenShowPatch: You should only patch implemented methods/constructors to avoid issues. Patch the declared method void EFT.UI.BattleUIScreen<EFT.UI.EftBattleUIScreen+GClass3136, EFT.UI.Screens.EEftScreenType>::Show(EFT.GamePlayerOwner owner) instead of void EFT.UI.BattleUIScreen<EFT.UI.EftBattleUIScreen+GClass3136, EFT.UI.Screens.EEftScreenType>::Show(EFT.GamePlayerOwner owner).
[Info   :ModulePatch] Enabled patch BattleUIScreenShowPatch
[Info   :ModulePatch] Enabled patch CommonUIAwakePatch
[Info   :ModulePatch] Enabled patch MapScreenShowPatch
[Info   :ModulePatch] Enabled patch MapScreenClosePatch
[Info   :ModulePatch] Enabled patch GameWorldOnDestroyPatch
[Info   :ModulePatch] Enabled patch GameWorldUnregisterPlayerPatch
[Info   :ModulePatch] Enabled patch GameWorldRegisterLootItemPatch
[Info   :ModulePatch] Enabled patch GameWorldDestroyLootPatch
[Info   :ModulePatch] Enabled patch AirdropBoxOnBoxLandPatch
[Info   :ModulePatch] Enabled patch PlayerOnDeadPatch
[Info   :ModulePatch] Enabled patch PlayerInventoryThrowItemPatch
[Info   :   BepInEx] Loading [SPT.Debugging 3.9.8]
[Info   :SPT.Debugging] Loading: SPT.Debugging
[Info   :ModulePatch] Enabled patch EndRaidDebug
[Info   :ModulePatch] Enabled patch LoggerClassLogPatch
[Info   :SPT.Debugging] Completed: SPT.Debugging
[Info   :   BepInEx] Loading [spt.Singleplayer 3.9.8]
[Info   :spt.Singleplayer] Loading: SPT.SinglePlayer
[Info   :ModulePatch] Enabled patch OfflineSaveProfilePatch
[Info   :ModulePatch] Enabled patch ExperienceGainPatch
[Info   :ModulePatch] Enabled patch ScavExperienceGainPatch
[Info   :ModulePatch] Enabled patch MainMenuControllerPatch
[Info   :ModulePatch] Enabled patch PlayerPatch
[Info   :ModulePatch] Enabled patch SelectLocationScreenPatch
[Info   :ModulePatch] Enabled patch InsuranceScreenPatch
[Info   :ModulePatch] Enabled patch BotTemplateLimitPatch
[Info   :ModulePatch] Enabled patch GetNewBotTemplatesPatch
[Info   :ModulePatch] Enabled patch RemoveUsedBotProfilePatch
[Info   :ModulePatch] Enabled patch DogtagPatch
[Info   :ModulePatch] Enabled patch LoadOfflineRaidScreenPatch
[Info   :ModulePatch] Enabled patch ScavPrefabLoadPatch
[Info   :ModulePatch] Enabled patch ScavProfileLoadPatch
[Info   :ModulePatch] Enabled patch ScavExfilPatch
[Info   :ModulePatch] Enabled patch ExfilPointManagerPatch
[Info   :ModulePatch] Enabled patch TinnitusFixPatch
[Info   :ModulePatch] Enabled patch MaxBotPatch
[Info   :ModulePatch] Enabled patch SpawnPmcPatch
[Info   :ModulePatch] Enabled patch PostRaidHealingPricePatch
[Info   :ModulePatch] Enabled patch EndByTimerPatch
[Info   :ModulePatch] Enabled patch InRaidQuestAvailablePatch
[Info   :ModulePatch] Enabled patch PostRaidHealScreenPatch
[Info   :ModulePatch] Enabled patch VoIPTogglerPatch
[Info   :ModulePatch] Enabled patch MidRaidQuestChangePatch
[Info   :ModulePatch] Enabled patch HealthControllerPatch
[Info   :ModulePatch] Enabled patch LighthouseBridgePatch
[Info   :ModulePatch] Enabled patch LighthouseTransmitterPatch
[Info   :ModulePatch] Enabled patch EmptyInfilFixPatch
[Info   :ModulePatch] Enabled patch SmokeGrenadeFuseSoundFixPatch
[Info   :ModulePatch] Enabled patch PlayerToggleSoundFixPatch
[Info   :ModulePatch] Enabled patch PluginErrorNotifierPatch
[Info   :ModulePatch] Enabled patch SpawnProcessNegativeValuePatch
[Info   :ModulePatch] Enabled patch InsuredItemManagerStartPatch
[Info   :ModulePatch] Enabled patch MapReadyButtonPatch
[Info   :ModulePatch] Enabled patch LabsKeycardRemovalPatch
[Info   :ModulePatch] Enabled patch ScavLateStartPatch
[Info   :ModulePatch] Enabled patch GetTraderServicesPatch
[Info   :ModulePatch] Enabled patch PurchaseTraderServicePatch
[Info   :ModulePatch] Enabled patch ScavSellAllPriceStorePatch
[Info   :ModulePatch] Enabled patch ScavSellAllRequestPatch
[Info   :ModulePatch] Enabled patch HideoutQuestIgnorePatch
[Info   :ModulePatch] Enabled patch LightKeeperServicesPatch
[Info   :ModulePatch] Enabled patch ScavEncyclopediaPatch
[Info   :ModulePatch] Enabled patch ScavRepAdjustmentPatch
[Info   :ModulePatch] Enabled patch AmmoUsedCounterPatch
[Info   :ModulePatch] Enabled patch ArmorDamageCounterPatch
[Info   :ModulePatch] Enabled patch FixAchievementsPatch
[Info   :spt.Singleplayer] Completed: SPT.SinglePlayer
[Info   :   BepInEx] Loading [LootingBots 1.3.5]
[Info   :ModulePatch] Enabled patch CleanCacheOnRaidEnd
[Info   :ModulePatch] Enabled patch ClearCacheOnDeath
[Info   :ModulePatch] Enabled patch EnableWeaponSwitching
[Info   :ModulePatch] Enabled patch InteractPatch
[Info   :ModulePatch] Enabled patch InventoryClosePatch
[Info   :ModulePatch] Enabled patch RemoveComponent
[Info   :   BepInEx] Loading [SAIN 3.1.0]
[Info   :ModulePatch] Enabled patch StopRefillMagsPatch
[Info   :ModulePatch] Enabled patch SetEnvironmentPatch
[Info   :ModulePatch] Enabled patch SetPanicPointPatch
[Info   :ModulePatch] Enabled patch AddPointToSearchPatch
[Info   :ModulePatch] Enabled patch TurnDamnLightOffPatch
[Info   :ModulePatch] Enabled patch GrenadeThrownActionPatch
[Info   :ModulePatch] Enabled patch GrenadeExplosionActionPatch
[Info   :ModulePatch] Enabled patch ShallKnowEnemyPatch
[Info   :ModulePatch] Enabled patch ShallKnowEnemyLatePatch
[Info   :ModulePatch] Enabled patch HaveSeenEnemyPatch
[Info   :ModulePatch] Enabled patch StopSetToNavMeshPatch
[Info   :ModulePatch] Enabled patch FightShallReloadFixPatch
[Info   :ModulePatch] Enabled patch EnableVaultPatch
[Info   :ModulePatch] Enabled patch BotMemoryAddEnemyPatch
[Info   :ModulePatch] Enabled patch BotGroupAddEnemyPatch
[Info   :ModulePatch] Enabled patch FixItemTakerPatch
[Info   :ModulePatch] Enabled patch FixItemTakerPatch2
[Info   :ModulePatch] Enabled patch RotateClampPatch
[Info   :ModulePatch] Enabled patch EncumberedPatch
[Info   :ModulePatch] Enabled patch DoorOpenerPatch
[Info   :ModulePatch] Enabled patch DoorDisabledPatch
[Info   :ModulePatch] Enabled patch CrawlPatch
[Info   :ModulePatch] Enabled patch CrawlPatch2
[Info   :ModulePatch] Enabled patch PoseStaminaPatch
[Info   :ModulePatch] Enabled patch AimStaminaPatch
[Info   :ModulePatch] Enabled patch GlobalShootSettingsPatch
[Info   :ModulePatch] Enabled patch GlobalLookPatch
[Info   :ModulePatch] Enabled patch TryPlayShootSoundPatch
[Info   :ModulePatch] Enabled patch OnMakingShotPatch
[Info   :ModulePatch] Enabled patch HearingSensorPatch
[Info   :ModulePatch] Enabled patch VoicePatch
[Info   :ModulePatch] Enabled patch GrenadeCollisionPatch
[Info   :ModulePatch] Enabled patch GrenadeCollisionPatch2
[Info   :ModulePatch] Enabled patch ToggleSoundPatch
[Info   :ModulePatch] Enabled patch SpawnInHandsSoundPatch
[Info   :ModulePatch] Enabled patch PlaySwitchHeadlightSoundPatch
[Info   :ModulePatch] Enabled patch BulletImpactPatch
[Info   :ModulePatch] Enabled patch TreeSoundPatch
[Info   :ModulePatch] Enabled patch DoorBreachSoundPatch
[Info   :ModulePatch] Enabled patch DoorOpenSoundPatch
[Info   :ModulePatch] Enabled patch FootstepSoundPatch
[Info   :ModulePatch] Enabled patch SprintSoundPatch
[Info   :ModulePatch] Enabled patch GenericMovementSoundPatch
[Info   :ModulePatch] Enabled patch JumpSoundPatch
[Info   :ModulePatch] Enabled patch DryShotPatch
[Info   :ModulePatch] Enabled patch ProneSoundPatch
[Info   :ModulePatch] Enabled patch SoundClipNameCheckerPatch
[Info   :ModulePatch] Enabled patch SoundClipNameCheckerPatch2
[Info   :ModulePatch] Enabled patch AimSoundPatch
[Info   :ModulePatch] Enabled patch LootingSoundPatch
[Info   :ModulePatch] Enabled patch SetInHandsGrenadePatch
[Info   :ModulePatch] Enabled patch SetInHandsFoodPatch
[Info   :ModulePatch] Enabled patch SetInHandsMedsPatch
[Info   :ModulePatch] Enabled patch JumpPainPatch
[Info   :ModulePatch] Enabled patch PlayerHurtPatch
[Info   :ModulePatch] Enabled patch PlayerTalkPatch
[Info   :ModulePatch] Enabled patch BotTalkPatch
[Info   :ModulePatch] Enabled patch BotTalkManualUpdatePatch
[Info   :ModulePatch] Enabled patch DisableLookUpdatePatch
[Info   :ModulePatch] Enabled patch UpdateLightEnablePatch
[Info   :ModulePatch] Enabled patch UpdateLightEnablePatch2
[Info   :ModulePatch] Enabled patch ToggleNightVisionPatch
[Info   :ModulePatch] Enabled patch SetPartPriorityPatch
[Info   :ModulePatch] Enabled patch GlobalLookSettingsPatch
[Info   :ModulePatch] Enabled patch WeatherTimeVisibleDistancePatch
[Info   :ModulePatch] Enabled patch NoAIESPPatch
[Info   :ModulePatch] Enabled patch BotLightTurnOnPatch
[Info   :ModulePatch] Enabled patch VisionSpeedPatch
[Info   :ModulePatch] Enabled patch VisionDistancePatch
[Info   :ModulePatch] Enabled patch CheckFlashlightPatch
[Info   :ModulePatch] Enabled patch DoHitAffectPatch
[Info   :ModulePatch] Enabled patch HitAffectApplyPatch
[Info   :ModulePatch] Enabled patch PlayerHitReactionDisablePatch
[Info   :ModulePatch] Enabled patch SetAimStatusPatch
[Info   :ModulePatch] Enabled patch AimOffsetPatch
[Info   :ModulePatch] Enabled patch AimTimePatch
[Info   :ModulePatch] Enabled patch ForceNoHeadAimPatch
[Info   :ModulePatch] Enabled patch AimRotateSpeedPatch
[Info   :ModulePatch] Enabled patch ResetGrenadePatch
[Info   :ModulePatch] Enabled patch SetGrenadePatch
[Info   :ModulePatch] Enabled patch FullAutoPatch
[Info   :ModulePatch] Enabled patch SemiAutoPatch
[Info   :ModulePatch] Enabled patch SemiAutoPatch2
[Info   :ModulePatch] Enabled patch SemiAutoPatch3
[Info   :ModulePatch] Enabled patch AddBotComponentPatch
[Info   :ModulePatch] Enabled patch AddGameWorldPatch
[Info   :ModulePatch] Enabled patch GetBotController
[Info   :ModulePatch] Enabled patch GetBotSpawner
[Info   :   BepInEx] Loading [Radar 1.1.6]
[Info   :     Radar] Radar Plugin Enabled.
[Info   :     Radar] AssetBundle Loaded!
[Info   :ModulePatch] Enabled patch GameStartPatch
[Info   :   BepInEx] Loading [MoreCheckmarks 1.5.14]
[Message:   BepInEx] Chainloader startup complete
[Message:EFTVersion] GameVersion:0.14.9.30626 AkiVersion:3.9.8
[Info   :BaseModulePatch] Enabled patch GamePlayerOwnerPatchs
[Info   :BaseModulePatch] Enabled patch TriggerWithIdPatchs
[Message: ModVerify] UnityToolkit PluginVersion:1.0.1 FileVersion:1.0.1.0 CRC32:973A676C
[Message: ModVerify] ConfigurationManager PluginVersion:18.0.1 FileVersion:18.0.1.0 CRC32:923AEE97
[Message: ModVerify] CactusPie.RamCleanerInterval PluginVersion:1.0.0 FileVersion:1.0.0.0 CRC32:B6D800FA
[Message: ModVerify] spt-core PluginVersion:3.9.8 FileVersion:3.9.8.0 CRC32:F9CD9E19
[Message: ModVerify] DrakiaXYZ-Waypoints PluginVersion:1.5.1 FileVersion:1.5.1.0 CRC32:E92BB772
[Message: ModVerify] DrakiaXYZ-BigBrain PluginVersion:1.0.1 FileVersion:1.0.1.0 CRC32:E04C1E1A
[Message: ModVerify] SPTQuestingBots PluginVersion:0.7.0 FileVersion:0.7.0.0 CRC32:8BB0CA1F
[Message: ModVerify] dvize.Donuts PluginVersion:1.6.1 FileVersion:1.0.0.0 CRC32:6A0536AE
[Message: ModVerify] IcyClawz.ItemSellPrice PluginVersion:1.4.0 FileVersion:1.4.0.0 CRC32:C2115E49
[Message: ModVerify] EFTReflection PluginVersion:1.2.2 FileVersion:1.2.2.0 CRC32:886C6007
[Message: ModVerify] EFTApi PluginVersion:1.2.2 FileVersion:1.2.2.0 CRC32:CA78C3AB
[Message: ModVerify] EFTConfiguration PluginVersion:1.2.2 FileVersion:1.2.2.0 CRC32:2AD7FBB9
[Message: ModVerify] EFTUtils PluginVersion:1.2.2 FileVersion:1.2.2.0 CRC32:E317E4FE
[Message: ModVerify] GamePanelHUDCore PluginVersion:3.1.1 FileVersion:3.1.1.0  CRC32:4529B83
[Message: ModVerify] GamePanelHUDCompass PluginVersion:3.1.1 FileVersion:3.1.1.0  CRC32:9C5AE2EF
[Message: ModVerify] GamePanelHUDGrenade PluginVersion:3.1.1 FileVersion:3.1.1.0 CRC32:8FA665E2
[Message: ModVerify] GamePanelHUDHealth PluginVersion:3.1.1 FileVersion:3.1.1.0 CRC32:AD03BE71
[Message: ModVerify] GamePanelHUDHit PluginVersion:3.1.1 FileVersion:3.1.1.0 CRC32:979A8472
[Message: ModVerify] GamePanelHUDKill PluginVersion:3.1.1 FileVersion:3.1.1.0  CRC32:A2A6D245
[Message: ModVerify] GamePanelHUDWeapon PluginVersion:3.1.1 FileVersion:3.1.1.0 CRC32:9B792043
[Message: ModVerify] spt-custom PluginVersion:3.9.8 FileVersion:3.9.8.0 CRC32:F4B4F944
[Message: ModVerify] DynamicMaps PluginVersion:0.3.4 FileVersion:0.3.4.0 CRC32:1F73F143
[Message: ModVerify] spt-debugging PluginVersion:3.9.8 FileVersion:3.9.8.0 CRC32:17608EFD
[Message: ModVerify] spt-singleplayer PluginVersion:3.9.8 FileVersion:3.9.8.0 CRC32:542E2202
[Message: ModVerify] skwizzy.LootingBots PluginVersion:1.3.5 FileVersion:0.0.0.0 CRC32:5495B373
[Message: ModVerify] SAIN PluginVersion:3.1.0 FileVersion:3.1.0 CRC32:F95FB919
[Message: ModVerify] Tyrian-Radar PluginVersion:1.1.6 FileVersion:1.0.0.0 CRC32:F6359FC4
[Message: ModVerify] MoreCheckmarks PluginVersion:1.5.14 FileVersion:1.5.14.0 CRC32:2B7CBBDC
[Info   :RequestHandler] [REQUEST]: /singleplayer/settings/version
[Info   :RequestHandler] [REQUEST SUCCESSFUL] /singleplayer/settings/version
[Info   :RequestHandler] [REQUEST]: /singleplayer/release
[Info   :RequestHandler] [REQUEST SUCCESSFUL] /singleplayer/release
[Info   :RequestHandler] [REQUEST]: /singleplayer/enableBSGlogging
[Info   :RequestHandler] [REQUEST SUCCESSFUL] /singleplayer/enableBSGlogging
[Info   :MoreCheckmarks] MoreCheckmarks Started
[Info   :MoreCheckmarks] Configs loaded
[Info   :MoreCheckmarks] Assets loaded
[Info   :MoreCheckmarks] Loading data
[Info   :MoreCheckmarks] 	Quests
[Info   :RequestHandler] [REQUEST]: /MoreCheckmarksRoutes/quests
[Info   :RequestHandler] [REQUEST SUCCESSFUL] /MoreCheckmarksRoutes/quests
[Info   :MoreCheckmarks] 	Items
[Info   :RequestHandler] [REQUEST]: /MoreCheckmarksRoutes/items
[Info   :RequestHandler] [REQUEST SUCCESSFUL] /MoreCheckmarksRoutes/items
[Info   :MoreCheckmarks] 	Assorts
[Info   :RequestHandler] [REQUEST]: /MoreCheckmarksRoutes/assorts
[Info   :RequestHandler] [REQUEST SUCCESSFUL] /MoreCheckmarksRoutes/assorts
[Info   :MoreCheckmarks] 	Productions
[Info   :RequestHandler] [REQUEST]: /MoreCheckmarksRoutes/productions
[Info   :RequestHandler] [REQUEST SUCCESSFUL] /MoreCheckmarksRoutes/productions
[Warning:DonutsPlugin] Loaded 12 Donuts Scenario Folders
[Warning:DonutsPlugin] Loaded 4 Donuts Scenario Folders
[Warning:DonutsPlugin] Loaded 12 Donuts Scenario Folders
[Warning:DonutsPlugin] Loaded 4 Donuts Scenario Folders
[Warning:DonutsPlugin] Adding scenario: live-like
[Warning:DonutsPlugin] Adding scenario: live-like-alt
[Warning:DonutsPlugin] Adding scenario: morescavs
[Warning:DonutsPlugin] Adding scenario: morepmcs
[Warning:DonutsPlugin] Adding scenario: crazyraids
[Warning:DonutsPlugin] Adding scenario: impossibleraids
[Warning:DonutsPlugin] Adding scenario: quietraids
[Warning:DonutsPlugin] Adding scenario: scav-raids
[Warning:DonutsPlugin] Adding scenario: starting-pmcs-only-live-like
[Warning:DonutsPlugin] Adding scenario: starting-pmcs-only-live-like-alt
[Warning:DonutsPlugin] Adding scenario: starting-pmcs-only-morescavs
[Warning:DonutsPlugin] Adding scenario: starting-pmcs-only-quietraids
[Warning:DonutsPlugin] Adding scenario: Live Like (Random)
[Warning:DonutsPlugin] Adding scenario: Starting PMCs Only (Random)
[Warning:DonutsPlugin] Adding scenario: A Whole Lotta SCAVs (Random)
[Warning:DonutsPlugin] Adding scenario: Death Wish (Random)
[Warning:DonutsPlugin] Loaded 16 PMC Scenarios and Finished Generating
[Warning:DonutsPlugin] Adding scenario: live-like
[Warning:DonutsPlugin] Adding scenario: live-like-alt
[Warning:DonutsPlugin] Adding scenario: morescavs
[Warning:DonutsPlugin] Adding scenario: morepmcs
[Warning:DonutsPlugin] Adding scenario: crazyraids
[Warning:DonutsPlugin] Adding scenario: impossibleraids
[Warning:DonutsPlugin] Adding scenario: quietraids
[Warning:DonutsPlugin] Adding scenario: scav-raids
[Warning:DonutsPlugin] Adding scenario: starting-pmcs-only-live-like
[Warning:DonutsPlugin] Adding scenario: starting-pmcs-only-live-like-alt
[Warning:DonutsPlugin] Adding scenario: starting-pmcs-only-morescavs
[Warning:DonutsPlugin] Adding scenario: starting-pmcs-only-quietraids
[Warning:DonutsPlugin] Adding scenario: Live Like (Random)
[Warning:DonutsPlugin] Adding scenario: Starting PMCs Only (Random)
[Warning:DonutsPlugin] Adding scenario: A Whole Lotta SCAVs (Random)
[Warning:DonutsPlugin] Adding scenario: Death Wish (Random)
[Warning:DonutsPlugin] Loaded 16 SCAV Scenarios and Finished Generating
[Info   :RequestHandler] [REQUEST]: /singleplayer/bundles
[Info   :RequestHandler] [REQUEST SUCCESSFUL] /singleplayer/bundles
[Info   :RequestHandler] [REQUEST]: /singleplayer/settings/version
[Info   :RequestHandler] [REQUEST SUCCESSFUL] /singleplayer/settings/version
[Info   :ModulePatch] Server version: SPT 3.9.8 - a0c79a
[Info   :DynamicMaps] Trying to attach to MapScreen
[Info   :DynamicMaps] Trying to load MapDef from path: E:\Games\SPTarkov\3.9.8\BepInEx\plugins\DynamicMaps\Maps\Customs_TarkovDev\Customs_TarkovDev.jsonc
[Info   :DynamicMaps] Loaded MapDef with display name: Customs (TarkovDev)
[Info   :DynamicMaps] Trying to load MapDef from path: E:\Games\SPTarkov\3.9.8\BepInEx\plugins\DynamicMaps\Maps\Factory_TarkovDev\Factory_TarkovDev.jsonc
[Info   :DynamicMaps] Loaded MapDef with display name: Factory (TarkovDev)
[Info   :DynamicMaps] Trying to load MapDef from path: E:\Games\SPTarkov\3.9.8\BepInEx\plugins\DynamicMaps\Maps\GroundZero_TarkovDev\GroundZero_TarkovDev.jsonc
[Info   :DynamicMaps] Loaded MapDef with display name: Ground Zero (TarkovDev)
[Info   :DynamicMaps] Trying to load MapDef from path: E:\Games\SPTarkov\3.9.8\BepInEx\plugins\DynamicMaps\Maps\Interchange_TarkovDev\Interchange_TarkovDev.jsonc
[Info   :DynamicMaps] Loaded MapDef with display name: Interchange (TarkovDev)
[Info   :DynamicMaps] Trying to load MapDef from path: E:\Games\SPTarkov\3.9.8\BepInEx\plugins\DynamicMaps\Maps\Labs_TarkovDev\Labs_TarkovDev.jsonc
[Info   :DynamicMaps] Loaded MapDef with display name: Labs (TarkovDev)
[Info   :DynamicMaps] Trying to load MapDef from path: E:\Games\SPTarkov\3.9.8\BepInEx\plugins\DynamicMaps\Maps\Lighthouse_TarkovData\Lighthouse_TarkovData.jsonc
[Info   :DynamicMaps] Loaded MapDef with display name: Lighthouse (TarkovData)
[Info   :DynamicMaps] Trying to load MapDef from path: E:\Games\SPTarkov\3.9.8\BepInEx\plugins\DynamicMaps\Maps\Reserve_TarkovData\Reserve_TarkovData.jsonc
[Info   :DynamicMaps] Loaded MapDef with display name: Reserve (TarkovData)
[Info   :DynamicMaps] Trying to load MapDef from path: E:\Games\SPTarkov\3.9.8\BepInEx\plugins\DynamicMaps\Maps\Shoreline_TarkovData\Shoreline_TarkovData.jsonc
[Info   :DynamicMaps] Loaded MapDef with display name: Shoreline (TarkovData)
[Info   :DynamicMaps] Trying to load MapDef from path: E:\Games\SPTarkov\3.9.8\BepInEx\plugins\DynamicMaps\Maps\Streets_TarkovData\Streets_TarkovData.jsonc
[Info   :DynamicMaps] Loaded MapDef with display name: Streets of Tarkov (TarkovData)
[Info   :DynamicMaps] Trying to load MapDef from path: E:\Games\SPTarkov\3.9.8\BepInEx\plugins\DynamicMaps\Maps\Woods_TarkovData\Woods_TarkovData.jsonc
[Info   :DynamicMaps] Loaded MapDef with display name: Woods (TarkovData)
[Info   :DynamicMaps] Precaching sprite: Maps/Customs_TarkovDev/Layers/customs_level_-1.png
[Info   :DynamicMaps] Precaching sprite: Maps/Customs_TarkovDev/Layers/customs_level_0.png
[Info   :DynamicMaps] Precaching sprite: Maps/Customs_TarkovDev/Layers/customs_level_1.png
[Info   :DynamicMaps] Precaching sprite: Maps/Customs_TarkovDev/Layers/customs_level_2.png
[Info   :DynamicMaps] Precaching sprite: Maps/Factory_TarkovDev/Layers/factory_layer_-1.png
[Info   :DynamicMaps] Precaching sprite: Maps/Factory_TarkovDev/Layers/factory_layer_0.png
[Info   :      SAIN] [SAIN.ModDetection] : [[CheckPlugins()]:] : [SAIN: Questing Bots Detected.]
[Info   :      SAIN] [SAIN.ModDetection] : [[CheckPlugins()]:] : [SAIN: Looting Bots Detected.]
[Info   :DynamicMaps] Precaching sprite: Maps/Factory_TarkovDev/Layers/factory_layer_1.png
[Info   :DynamicMaps] Precaching sprite: Maps/Factory_TarkovDev/Layers/factory_layer_2.png
[Info   :DynamicMaps] Precaching sprite: Maps/GroundZero_TarkovDev/Layers/ground_zero_layer_-1.png
[Info   :DynamicMaps] Precaching sprite: Maps/GroundZero_TarkovDev/Layers/ground_zero_layer_0.png
[Info   :DynamicMaps] Precaching sprite: Maps/GroundZero_TarkovDev/Layers/ground_zero_layer_1.png
[Info   :DynamicMaps] Precaching sprite: Maps/GroundZero_TarkovDev/Layers/ground_zero_layer_2.png
[Info   :DynamicMaps] Precaching sprite: Maps/Interchange_TarkovDev/Layers/interchange_layer_0.png
[Info   :DynamicMaps] Precaching sprite: Maps/Interchange_TarkovDev/Layers/interchange_layer_1.png
[Info   :DynamicMaps] Precaching sprite: Maps/Interchange_TarkovDev/Layers/interchange_layer_2.png
[Info   :DynamicMaps] Precaching sprite: Maps/Labs_TarkovDev/Layers/labs_layer_-1.png
[Info   :DynamicMaps] Precaching sprite: Maps/Labs_TarkovDev/Layers/labs_layer_0.png
[Info   :DynamicMaps] Precaching sprite: Maps/Labs_TarkovDev/Layers/labs_layer_1.png
[Info   :DynamicMaps] Precaching sprite: Maps/Lighthouse_TarkovData/Layers/lighthouse_layer_0.png
[Info   :DynamicMaps] Precaching sprite: Maps/Reserve_TarkovData/Layers/reserve_layer_-1.png
[Info   :DynamicMaps] Precaching sprite: Maps/Reserve_TarkovData/Layers/reserve_layer_0.png
[Info   :DynamicMaps] Precaching sprite: Maps/Shoreline_TarkovData/Layers/shoreline_layer_-1.png
[Info   :DynamicMaps] Precaching sprite: Maps/Shoreline_TarkovData/Layers/shoreline_layer_0.png
[Info   :DynamicMaps] Precaching sprite: Maps/Shoreline_TarkovData/Layers/shoreline_layer_1.png
[Info   :DynamicMaps] Precaching sprite: Maps/Shoreline_TarkovData/Layers/shoreline_layer_2.png
[Info   :DynamicMaps] Precaching sprite: Maps/Streets_TarkovData/Layers/streets_layer_-1.png
[Info   :DynamicMaps] Precaching sprite: Maps/Streets_TarkovData/Layers/streets_layer_0.png
[Info   :DynamicMaps] Precaching sprite: Maps/Streets_TarkovData/Layers/streets_layer_1.png
[Info   :DynamicMaps] Precaching sprite: Maps/Streets_TarkovData/Layers/streets_layer_2.png
[Info   :DynamicMaps] Precaching sprite: Maps/Streets_TarkovData/Layers/streets_layer_3.png
[Info   :DynamicMaps] Precaching sprite: Maps/Streets_TarkovData/Layers/streets_layer_4.png
[Info   :DynamicMaps] Precaching sprite: Maps/Woods_TarkovData/Layers/woods_layer_0.png
[Info   :MoreCheckmarks] Loading data
[Info   :MoreCheckmarks] 	Quests
[Info   :RequestHandler] [REQUEST]: /MoreCheckmarksRoutes/quests
[Info   :RequestHandler] [REQUEST SUCCESSFUL] /MoreCheckmarksRoutes/quests
[Info   :MoreCheckmarks] 	Items
[Info   :MoreCheckmarks] 	Assorts
[Info   :RequestHandler] [REQUEST]: /MoreCheckmarksRoutes/assorts
[Info   :RequestHandler] [REQUEST SUCCESSFUL] /MoreCheckmarksRoutes/assorts
[Info   :MoreCheckmarks] 	Productions
[Info   :RequestHandler] [REQUEST]: /MoreCheckmarksRoutes/productions
[Info   :RequestHandler] [REQUEST SUCCESSFUL] /MoreCheckmarksRoutes/productions
[Info   :DanW-QuestingBots] Logging path: E:\Games\SPTarkov\3.9.8/BepInEx/plugins/DanW-SPTQuestingBots/log/
[Info   :DanW-QuestingBots] Found 64 non-EFT quests for bigmap
[Info   :DanW-QuestingBots] Found 33 non-EFT quests for factory4_day
[Info   :DanW-QuestingBots] Found 82 non-EFT quests for Interchange
[Info   :DanW-QuestingBots] Found 53 non-EFT quests for laboratory
[Info   :DanW-QuestingBots] Found 63 non-EFT quests for Lighthouse
[Info   :DanW-QuestingBots] Found 54 non-EFT quests for RezervBase
[Info   :DanW-QuestingBots] Found 40 non-EFT quests for Sandbox
[Info   :DanW-QuestingBots] Found 40 non-EFT quests for Sandbox_high
[Info   :DanW-QuestingBots] Found 50 non-EFT quests for Shoreline
[Info   :DanW-QuestingBots] Found 109 non-EFT quests for TarkovStreets
[Info   :DanW-QuestingBots] Found 37 non-EFT quests for Woods
[Info   :DanW-QuestingBots] Validated all quest files
[Info   :RequestHandler] [REQUEST]: /singleplayer/log
[Info   :RequestHandler] [REQUEST SUCCESSFUL] /singleplayer/log
[Info   :LootingBots] Initializing item appraiser
[Info   :RequestHandler] [REQUEST]: /singleplayer/log
[Info   :RequestHandler] [REQUEST SUCCESSFUL] /singleplayer/log
[Info   :RequestHandler] [REQUEST]: /singleplayer/log
[Info   :RequestHandler] [REQUEST SUCCESSFUL] /singleplayer/log
[Info   :RequestHandler] [REQUEST]: /singleplayer/log
[Info   :RequestHandler] [REQUEST SUCCESSFUL] /singleplayer/log
