2024-04-28 18:59:24.147 -07:00 [INF] =========  SPT Installer v2.61.0.0 Started =========
2024-04-28 18:59:24.161 -07:00 [INF] Microsoft Windows NT 10.0.19045.0
2024-04-28 18:59:24.162 -07:00 [INF] System Language: en - English (United States)
2024-04-28 18:59:24.164 -07:00 [INF] Install Path: E:\Games\SPTarkov\3.8
2024-04-28 18:59:24.168 -07:00 [INF] -<>--<>- Running PreChecks -<>--<>-
2024-04-28 18:59:24.170 -07:00 [INF] PreCheck: .Net Framework 4.7.2 (Required) -> Passed
Detail: .Net Framework 4.7.2 or higher is installed.  Installed Version: 4.8.9037
2024-04-28 18:59:24.197 -07:00 [INF] PreCheck: .Net 8 Desktop Runtime (Required) -> Failed
Detail: .Net Desktop Runtime version 8.0.0 or higher is required.  Highest Version Found: 7.0.5  This is required to play SPT
2024-04-28 18:59:24.252 -07:00 [INF] PreCheck: Free Space (Required) -> Passed
Detail: There is enough space available on E:\ to install SPT.  Available Space: 373.78 GB Space Required for EFT Client: 45.79 GB including ~10Gb overhead
2024-04-28 18:59:24.257 -07:00 [INF] PreCheck: EFT Launcher Closed (Required) -> Passed
Detail: Eft launcher is closed
2024-04-28 18:59:49.614 -07:00 [INF] =========  SPT Installer v2.61.0.0 Started =========
2024-04-28 18:59:49.640 -07:00 [INF] Microsoft Windows NT 10.0.19045.0
2024-04-28 18:59:49.641 -07:00 [INF] System Language: en - English (United States)
2024-04-28 18:59:49.643 -07:00 [INF] Install Path: E:\Games\SPTarkov\3.8
2024-04-28 18:59:49.648 -07:00 [INF] -<>--<>- Running PreChecks -<>--<>-
2024-04-28 18:59:49.650 -07:00 [INF] PreCheck: .Net Framework 4.7.2 (Required) -> Passed
Detail: .Net Framework 4.7.2 or higher is installed.  Installed Version: 4.8.9037
2024-04-28 18:59:49.703 -07:00 [INF] PreCheck: .Net 8 Desktop Runtime (Required) -> Passed
Detail: .Net 8.0.0 Desktop Runtime or higher is installed.  Installed Version: 8.0.2
2024-04-28 18:59:49.788 -07:00 [INF] PreCheck: Free Space (Required) -> Passed
Detail: There is enough space available on E:\ to install SPT.  Available Space: 373.78 GB Space Required for EFT Client: 45.79 GB including ~10Gb overhead
2024-04-28 18:59:49.794 -07:00 [INF] PreCheck: EFT Launcher Closed (Required) -> Passed
Detail: Eft launcher is closed
2024-04-28 18:59:55.298 -07:00 [INF] -<>--<>- Running Installer Tasks -<>--<>-
2024-04-28 18:59:55.298 -07:00 [INF]  <===> Initializing <===>
2024-04-28 18:59:55.298 -07:00 [INF] Installed EFT Game Path: E:\Games\EFT
2024-04-28 18:59:55.323 -07:00 [INF] Installed EFT Game Version: 27928
2024-04-28 18:59:55.324 -07:00 [INF]  <===> Checking SPT Releases <===>
2024-04-28 18:59:55.425 -07:00 [INF]  <===> Checking for Patches <===>
2024-04-28 18:59:55.722 -07:00 [ERR] Your client is outdated. Please update EFT
